{"/home/andresmartins/q4/q4-sprint2-kenzie-courses-andresmartins910/src/app.ts": {"path":"/home/andresmartins/q4/q4-sprint2-kenzie-courses-andresmartins910/src/app.ts","all":false,"statementMap":{"0":{"start":{"line":1,"column":0},"end":{"line":1,"column":30}},"1":{"start":{"line":2,"column":0},"end":{"line":2,"column":67}},"2":{"start":{"line":3,"column":0},"end":{"line":3,"column":47}},"3":{"start":{"line":4,"column":0},"end":{"line":4,"column":39}},"4":{"start":{"line":5,"column":0},"end":{"line":5,"column":0}},"5":{"start":{"line":6,"column":0},"end":{"line":6,"column":22}},"6":{"start":{"line":7,"column":0},"end":{"line":7,"column":0}},"7":{"start":{"line":8,"column":0},"end":{"line":8,"column":24}},"8":{"start":{"line":9,"column":0},"end":{"line":9,"column":21}},"9":{"start":{"line":10,"column":0},"end":{"line":10,"column":0}},"10":{"start":{"line":11,"column":0},"end":{"line":11,"column":70}},"11":{"start":{"line":12,"column":0},"end":{"line":12,"column":32}},"12":{"start":{"line":13,"column":0},"end":{"line":13,"column":3}},"13":{"start":{"line":14,"column":0},"end":{"line":14,"column":0}},"14":{"start":{"line":15,"column":0},"end":{"line":15,"column":19}}},"s":{"0":1,"1":1,"2":1,"3":1,"4":1,"5":1,"6":1,"7":1,"8":1,"9":1,"10":1,"11":1,"12":1,"13":1,"14":1},"branchMap":{"0":{"type":"branch","line":11,"loc":{"start":{"line":11,"column":8},"end":{"line":13,"column":2}},"locations":[{"start":{"line":11,"column":8},"end":{"line":13,"column":2}}]}},"b":{"0":[1]},"fnMap":{},"f":{}}
,"/home/andresmartins/q4/q4-sprint2-kenzie-courses-andresmartins910/src/data-source.ts": {"path":"/home/andresmartins/q4/q4-sprint2-kenzie-courses-andresmartins910/src/data-source.ts","all":false,"statementMap":{"0":{"start":{"line":1,"column":0},"end":{"line":1,"column":26}},"1":{"start":{"line":2,"column":0},"end":{"line":2,"column":24}},"2":{"start":{"line":3,"column":0},"end":{"line":3,"column":37}},"3":{"start":{"line":4,"column":0},"end":{"line":4,"column":33}},"4":{"start":{"line":5,"column":0},"end":{"line":5,"column":0}},"5":{"start":{"line":6,"column":0},"end":{"line":6,"column":16}},"6":{"start":{"line":7,"column":0},"end":{"line":7,"column":0}},"7":{"start":{"line":8,"column":0},"end":{"line":8,"column":28}},"8":{"start":{"line":9,"column":0},"end":{"line":9,"column":33}},"9":{"start":{"line":10,"column":0},"end":{"line":10,"column":22}},"10":{"start":{"line":11,"column":0},"end":{"line":11,"column":23}},"11":{"start":{"line":12,"column":0},"end":{"line":12,"column":29}},"12":{"start":{"line":13,"column":0},"end":{"line":13,"column":26}},"13":{"start":{"line":14,"column":0},"end":{"line":14,"column":68}},"14":{"start":{"line":15,"column":0},"end":{"line":15,"column":8}},"15":{"start":{"line":16,"column":0},"end":{"line":16,"column":22}},"16":{"start":{"line":17,"column":0},"end":{"line":17,"column":25}},"17":{"start":{"line":18,"column":0},"end":{"line":18,"column":36}},"18":{"start":{"line":19,"column":0},"end":{"line":19,"column":22}},"19":{"start":{"line":20,"column":0},"end":{"line":20,"column":68}},"20":{"start":{"line":21,"column":0},"end":{"line":21,"column":72}},"21":{"start":{"line":22,"column":0},"end":{"line":22,"column":9}}},"s":{"0":1,"1":1,"2":1,"3":1,"4":1,"5":1,"6":1,"7":1,"8":1,"9":1,"10":1,"11":1,"12":1,"13":1,"14":1,"15":1,"16":0,"17":0,"18":0,"19":0,"20":0,"21":1},"branchMap":{"0":{"type":"branch","line":16,"loc":{"start":{"line":16,"column":4},"end":{"line":22,"column":8}},"locations":[{"start":{"line":16,"column":4},"end":{"line":22,"column":8}}]}},"b":{"0":[0]},"fnMap":{},"f":{}}
,"/home/andresmartins/q4/q4-sprint2-kenzie-courses-andresmartins910/src/configs/mailer.config.ts": {"path":"/home/andresmartins/q4/q4-sprint2-kenzie-courses-andresmartins910/src/configs/mailer.config.ts","all":false,"statementMap":{"0":{"start":{"line":1,"column":0},"end":{"line":1,"column":36}},"1":{"start":{"line":2,"column":0},"end":{"line":2,"column":0}},"2":{"start":{"line":3,"column":0},"end":{"line":3,"column":46}},"3":{"start":{"line":4,"column":0},"end":{"line":4,"column":27}},"4":{"start":{"line":5,"column":0},"end":{"line":5,"column":13}},"5":{"start":{"line":6,"column":0},"end":{"line":6,"column":9}},"6":{"start":{"line":7,"column":0},"end":{"line":7,"column":27}},"7":{"start":{"line":8,"column":0},"end":{"line":8,"column":27}},"8":{"start":{"line":9,"column":0},"end":{"line":9,"column":4}},"9":{"start":{"line":10,"column":0},"end":{"line":10,"column":3}},"10":{"start":{"line":11,"column":0},"end":{"line":11,"column":0}},"11":{"start":{"line":12,"column":0},"end":{"line":12,"column":25}}},"s":{"0":1,"1":1,"2":1,"3":1,"4":1,"5":1,"6":1,"7":1,"8":1,"9":1,"10":1,"11":1},"branchMap":{},"b":{},"fnMap":{},"f":{}}
,"/home/andresmartins/q4/q4-sprint2-kenzie-courses-andresmartins910/src/controllers/course.controller.ts": {"path":"/home/andresmartins/q4/q4-sprint2-kenzie-courses-andresmartins910/src/controllers/course.controller.ts","all":false,"statementMap":{"0":{"start":{"line":1,"column":0},"end":{"line":1,"column":44}},"1":{"start":{"line":2,"column":0},"end":{"line":2,"column":44}},"2":{"start":{"line":3,"column":0},"end":{"line":3,"column":0}},"3":{"start":{"line":4,"column":0},"end":{"line":4,"column":24}},"4":{"start":{"line":5,"column":0},"end":{"line":5,"column":57}},"5":{"start":{"line":6,"column":0},"end":{"line":6,"column":57}},"6":{"start":{"line":7,"column":0},"end":{"line":7,"column":40}},"7":{"start":{"line":8,"column":0},"end":{"line":8,"column":4}},"8":{"start":{"line":9,"column":0},"end":{"line":9,"column":0}},"9":{"start":{"line":10,"column":0},"end":{"line":10,"column":52}},"10":{"start":{"line":11,"column":0},"end":{"line":11,"column":60}},"11":{"start":{"line":12,"column":0},"end":{"line":12,"column":41}},"12":{"start":{"line":13,"column":0},"end":{"line":13,"column":4}},"13":{"start":{"line":14,"column":0},"end":{"line":14,"column":0}},"14":{"start":{"line":15,"column":0},"end":{"line":15,"column":57}},"15":{"start":{"line":16,"column":0},"end":{"line":16,"column":57}},"16":{"start":{"line":17,"column":0},"end":{"line":17,"column":40}},"17":{"start":{"line":18,"column":0},"end":{"line":18,"column":4}},"18":{"start":{"line":19,"column":0},"end":{"line":19,"column":0}},"19":{"start":{"line":20,"column":0},"end":{"line":20,"column":65}},"20":{"start":{"line":21,"column":0},"end":{"line":21,"column":67}},"21":{"start":{"line":22,"column":0},"end":{"line":22,"column":42}},"22":{"start":{"line":23,"column":0},"end":{"line":23,"column":4}},"23":{"start":{"line":24,"column":0},"end":{"line":24,"column":1}},"24":{"start":{"line":25,"column":0},"end":{"line":25,"column":0}},"25":{"start":{"line":26,"column":0},"end":{"line":26,"column":38}}},"s":{"0":1,"1":1,"2":1,"3":9,"4":9,"5":3,"6":3,"7":3,"8":9,"9":9,"10":1,"11":1,"12":1,"13":9,"14":9,"15":1,"16":1,"17":1,"18":9,"19":9,"20":1,"21":1,"22":1,"23":9,"24":1,"25":1},"branchMap":{"0":{"type":"branch","line":4,"loc":{"start":{"line":4,"column":0},"end":{"line":24,"column":1}},"locations":[{"start":{"line":4,"column":0},"end":{"line":24,"column":1}}]},"1":{"type":"branch","line":4,"loc":{"start":{"line":4,"column":0},"end":{"line":24,"column":1}},"locations":[{"start":{"line":4,"column":0},"end":{"line":24,"column":1}}]},"2":{"type":"branch","line":5,"loc":{"start":{"line":5,"column":17},"end":{"line":8,"column":4}},"locations":[{"start":{"line":5,"column":17},"end":{"line":8,"column":4}}]},"3":{"type":"branch","line":5,"loc":{"start":{"line":5,"column":51},"end":{"line":8,"column":4}},"locations":[{"start":{"line":5,"column":51},"end":{"line":8,"column":4}}]},"4":{"type":"branch","line":6,"loc":{"start":{"line":6,"column":19},"end":{"line":6,"column":57}},"locations":[{"start":{"line":6,"column":19},"end":{"line":6,"column":57}}]},"5":{"type":"branch","line":10,"loc":{"start":{"line":10,"column":12},"end":{"line":13,"column":4}},"locations":[{"start":{"line":10,"column":12},"end":{"line":13,"column":4}}]},"6":{"type":"branch","line":10,"loc":{"start":{"line":10,"column":46},"end":{"line":13,"column":4}},"locations":[{"start":{"line":10,"column":46},"end":{"line":13,"column":4}}]},"7":{"type":"branch","line":11,"loc":{"start":{"line":11,"column":20},"end":{"line":11,"column":60}},"locations":[{"start":{"line":11,"column":20},"end":{"line":11,"column":60}}]},"8":{"type":"branch","line":15,"loc":{"start":{"line":15,"column":17},"end":{"line":18,"column":4}},"locations":[{"start":{"line":15,"column":17},"end":{"line":18,"column":4}}]},"9":{"type":"branch","line":15,"loc":{"start":{"line":15,"column":51},"end":{"line":18,"column":4}},"locations":[{"start":{"line":15,"column":51},"end":{"line":18,"column":4}}]},"10":{"type":"branch","line":16,"loc":{"start":{"line":16,"column":19},"end":{"line":16,"column":57}},"locations":[{"start":{"line":16,"column":19},"end":{"line":16,"column":57}}]},"11":{"type":"branch","line":20,"loc":{"start":{"line":20,"column":25},"end":{"line":23,"column":4}},"locations":[{"start":{"line":20,"column":25},"end":{"line":23,"column":4}}]},"12":{"type":"branch","line":20,"loc":{"start":{"line":20,"column":59},"end":{"line":23,"column":4}},"locations":[{"start":{"line":20,"column":59},"end":{"line":23,"column":4}}]},"13":{"type":"branch","line":21,"loc":{"start":{"line":21,"column":21},"end":{"line":21,"column":67}},"locations":[{"start":{"line":21,"column":21},"end":{"line":21,"column":67}}]}},"b":{"0":[9],"1":[9],"2":[3],"3":[3],"4":[3],"5":[1],"6":[1],"7":[1],"8":[1],"9":[1],"10":[1],"11":[1],"12":[1],"13":[1]},"fnMap":{"0":{"name":"CourseController","decl":{"start":{"line":4,"column":0},"end":{"line":24,"column":1}},"loc":{"start":{"line":4,"column":0},"end":{"line":24,"column":1}},"line":4},"1":{"name":"CourseController.createCourse","decl":{"start":{"line":5,"column":17},"end":{"line":8,"column":4}},"loc":{"start":{"line":5,"column":17},"end":{"line":8,"column":4}},"line":5},"2":{"name":"CourseController.readAll","decl":{"start":{"line":10,"column":12},"end":{"line":13,"column":4}},"loc":{"start":{"line":10,"column":12},"end":{"line":13,"column":4}},"line":10},"3":{"name":"CourseController.updateCourse","decl":{"start":{"line":15,"column":17},"end":{"line":18,"column":4}},"loc":{"start":{"line":15,"column":17},"end":{"line":18,"column":4}},"line":15},"4":{"name":"CourseController.registerCourseToUser","decl":{"start":{"line":20,"column":25},"end":{"line":23,"column":4}},"loc":{"start":{"line":20,"column":25},"end":{"line":23,"column":4}},"line":20}},"f":{"0":9,"1":3,"2":1,"3":1,"4":1}}
,"/home/andresmartins/q4/q4-sprint2-kenzie-courses-andresmartins910/src/controllers/index.ts": {"path":"/home/andresmartins/q4/q4-sprint2-kenzie-courses-andresmartins910/src/controllers/index.ts","all":false,"statementMap":{"0":{"start":{"line":1,"column":0},"end":{"line":1,"column":51}},"1":{"start":{"line":2,"column":0},"end":{"line":2,"column":47}},"2":{"start":{"line":3,"column":0},"end":{"line":3,"column":0}},"3":{"start":{"line":4,"column":0},"end":{"line":4,"column":44}}},"s":{"0":1,"1":1,"2":1,"3":1},"branchMap":{},"b":{},"fnMap":{},"f":{}}
,"/home/andresmartins/q4/q4-sprint2-kenzie-courses-andresmartins910/src/controllers/user.controller.ts": {"path":"/home/andresmartins/q4/q4-sprint2-kenzie-courses-andresmartins910/src/controllers/user.controller.ts","all":false,"statementMap":{"0":{"start":{"line":1,"column":0},"end":{"line":1,"column":44}},"1":{"start":{"line":2,"column":0},"end":{"line":2,"column":51}},"2":{"start":{"line":3,"column":0},"end":{"line":3,"column":0}},"3":{"start":{"line":4,"column":0},"end":{"line":4,"column":22}},"4":{"start":{"line":5,"column":0},"end":{"line":5,"column":54}},"5":{"start":{"line":6,"column":0},"end":{"line":6,"column":61}},"6":{"start":{"line":7,"column":0},"end":{"line":7,"column":44}},"7":{"start":{"line":8,"column":0},"end":{"line":8,"column":4}},"8":{"start":{"line":9,"column":0},"end":{"line":9,"column":0}},"9":{"start":{"line":10,"column":0},"end":{"line":10,"column":55}},"10":{"start":{"line":11,"column":0},"end":{"line":11,"column":47}},"11":{"start":{"line":12,"column":0},"end":{"line":12,"column":38}},"12":{"start":{"line":13,"column":0},"end":{"line":13,"column":4}},"13":{"start":{"line":14,"column":0},"end":{"line":14,"column":0}},"14":{"start":{"line":15,"column":0},"end":{"line":15,"column":52}},"15":{"start":{"line":16,"column":0},"end":{"line":16,"column":48}},"16":{"start":{"line":17,"column":0},"end":{"line":17,"column":38}},"17":{"start":{"line":18,"column":0},"end":{"line":18,"column":4}},"18":{"start":{"line":19,"column":0},"end":{"line":19,"column":0}},"19":{"start":{"line":20,"column":0},"end":{"line":20,"column":49}},"20":{"start":{"line":21,"column":0},"end":{"line":21,"column":45}},"21":{"start":{"line":22,"column":0},"end":{"line":22,"column":39}},"22":{"start":{"line":23,"column":0},"end":{"line":23,"column":4}},"23":{"start":{"line":24,"column":0},"end":{"line":24,"column":0}},"24":{"start":{"line":25,"column":0},"end":{"line":25,"column":51}},"25":{"start":{"line":26,"column":0},"end":{"line":26,"column":47}},"26":{"start":{"line":27,"column":0},"end":{"line":27,"column":38}},"27":{"start":{"line":28,"column":0},"end":{"line":28,"column":4}},"28":{"start":{"line":29,"column":0},"end":{"line":29,"column":1}},"29":{"start":{"line":30,"column":0},"end":{"line":30,"column":0}},"30":{"start":{"line":31,"column":0},"end":{"line":31,"column":36}}},"s":{"0":1,"1":1,"2":1,"3":9,"4":9,"5":9,"6":9,"7":9,"8":9,"9":9,"10":9,"11":9,"12":9,"13":9,"14":9,"15":1,"16":1,"17":1,"18":9,"19":9,"20":1,"21":1,"22":1,"23":9,"24":9,"25":1,"26":1,"27":1,"28":9,"29":1,"30":1},"branchMap":{"0":{"type":"branch","line":4,"loc":{"start":{"line":4,"column":0},"end":{"line":29,"column":1}},"locations":[{"start":{"line":4,"column":0},"end":{"line":29,"column":1}}]},"1":{"type":"branch","line":4,"loc":{"start":{"line":4,"column":0},"end":{"line":29,"column":1}},"locations":[{"start":{"line":4,"column":0},"end":{"line":29,"column":1}}]},"2":{"type":"branch","line":5,"loc":{"start":{"line":5,"column":14},"end":{"line":8,"column":4}},"locations":[{"start":{"line":5,"column":14},"end":{"line":8,"column":4}}]},"3":{"type":"branch","line":5,"loc":{"start":{"line":5,"column":48},"end":{"line":8,"column":4}},"locations":[{"start":{"line":5,"column":48},"end":{"line":8,"column":4}}]},"4":{"type":"branch","line":6,"loc":{"start":{"line":6,"column":32},"end":{"line":6,"column":61}},"locations":[{"start":{"line":6,"column":32},"end":{"line":6,"column":61}}]},"5":{"type":"branch","line":10,"loc":{"start":{"line":10,"column":15},"end":{"line":13,"column":4}},"locations":[{"start":{"line":10,"column":15},"end":{"line":13,"column":4}}]},"6":{"type":"branch","line":10,"loc":{"start":{"line":10,"column":49},"end":{"line":13,"column":4}},"locations":[{"start":{"line":10,"column":49},"end":{"line":13,"column":4}}]},"7":{"type":"branch","line":11,"loc":{"start":{"line":11,"column":17},"end":{"line":11,"column":47}},"locations":[{"start":{"line":11,"column":17},"end":{"line":11,"column":47}}]},"8":{"type":"branch","line":15,"loc":{"start":{"line":15,"column":12},"end":{"line":18,"column":4}},"locations":[{"start":{"line":15,"column":12},"end":{"line":18,"column":4}}]},"9":{"type":"branch","line":15,"loc":{"start":{"line":15,"column":46},"end":{"line":18,"column":4}},"locations":[{"start":{"line":15,"column":46},"end":{"line":18,"column":4}}]},"10":{"type":"branch","line":16,"loc":{"start":{"line":16,"column":17},"end":{"line":16,"column":48}},"locations":[{"start":{"line":16,"column":17},"end":{"line":16,"column":48}}]},"11":{"type":"branch","line":20,"loc":{"start":{"line":20,"column":11},"end":{"line":23,"column":4}},"locations":[{"start":{"line":20,"column":11},"end":{"line":23,"column":4}}]},"12":{"type":"branch","line":20,"loc":{"start":{"line":20,"column":43},"end":{"line":23,"column":4}},"locations":[{"start":{"line":20,"column":43},"end":{"line":23,"column":4}}]},"13":{"type":"branch","line":21,"loc":{"start":{"line":21,"column":18},"end":{"line":21,"column":45}},"locations":[{"start":{"line":21,"column":18},"end":{"line":21,"column":45}}]},"14":{"type":"branch","line":25,"loc":{"start":{"line":25,"column":11},"end":{"line":28,"column":4}},"locations":[{"start":{"line":25,"column":11},"end":{"line":28,"column":4}}]},"15":{"type":"branch","line":25,"loc":{"start":{"line":25,"column":45},"end":{"line":28,"column":4}},"locations":[{"start":{"line":25,"column":45},"end":{"line":28,"column":4}}]},"16":{"type":"branch","line":26,"loc":{"start":{"line":26,"column":17},"end":{"line":26,"column":47}},"locations":[{"start":{"line":26,"column":17},"end":{"line":26,"column":47}}]}},"b":{"0":[9],"1":[9],"2":[9],"3":[9],"4":[9],"5":[9],"6":[9],"7":[9],"8":[1],"9":[1],"10":[1],"11":[1],"12":[1],"13":[1],"14":[1],"15":[1],"16":[1]},"fnMap":{"0":{"name":"UserController","decl":{"start":{"line":4,"column":0},"end":{"line":29,"column":1}},"loc":{"start":{"line":4,"column":0},"end":{"line":29,"column":1}},"line":4},"1":{"name":"UserController.loginUser","decl":{"start":{"line":5,"column":14},"end":{"line":8,"column":4}},"loc":{"start":{"line":5,"column":14},"end":{"line":8,"column":4}},"line":5},"2":{"name":"UserController.createUser","decl":{"start":{"line":10,"column":15},"end":{"line":13,"column":4}},"loc":{"start":{"line":10,"column":15},"end":{"line":13,"column":4}},"line":10},"3":{"name":"UserController.getById","decl":{"start":{"line":15,"column":12},"end":{"line":18,"column":4}},"loc":{"start":{"line":15,"column":12},"end":{"line":18,"column":4}},"line":15},"4":{"name":"UserController.getAll","decl":{"start":{"line":20,"column":11},"end":{"line":23,"column":4}},"loc":{"start":{"line":20,"column":11},"end":{"line":23,"column":4}},"line":20},"5":{"name":"UserController.update","decl":{"start":{"line":25,"column":11},"end":{"line":28,"column":4}},"loc":{"start":{"line":25,"column":11},"end":{"line":28,"column":4}},"line":25}},"f":{"0":9,"1":9,"2":9,"3":1,"4":1,"5":1}}
,"/home/andresmartins/q4/q4-sprint2-kenzie-courses-andresmartins910/src/entities/Course.entity.ts": {"path":"/home/andresmartins/q4/q4-sprint2-kenzie-courses-andresmartins910/src/entities/Course.entity.ts","all":false,"statementMap":{"0":{"start":{"line":1,"column":0},"end":{"line":1,"column":88}},"1":{"start":{"line":2,"column":0},"end":{"line":2,"column":37}},"2":{"start":{"line":3,"column":0},"end":{"line":3,"column":0}},"3":{"start":{"line":4,"column":0},"end":{"line":4,"column":18}},"4":{"start":{"line":5,"column":0},"end":{"line":5,"column":21}},"5":{"start":{"line":6,"column":0},"end":{"line":6,"column":33}},"6":{"start":{"line":7,"column":0},"end":{"line":7,"column":14}},"7":{"start":{"line":8,"column":0},"end":{"line":8,"column":0}},"8":{"start":{"line":9,"column":0},"end":{"line":9,"column":11}},"9":{"start":{"line":10,"column":0},"end":{"line":10,"column":21}},"10":{"start":{"line":11,"column":0},"end":{"line":11,"column":0}},"11":{"start":{"line":12,"column":0},"end":{"line":12,"column":11}},"12":{"start":{"line":13,"column":0},"end":{"line":13,"column":19}},"13":{"start":{"line":14,"column":0},"end":{"line":14,"column":0}},"14":{"start":{"line":15,"column":0},"end":{"line":15,"column":63}},"15":{"start":{"line":16,"column":0},"end":{"line":16,"column":14}},"16":{"start":{"line":17,"column":0},"end":{"line":17,"column":19}},"17":{"start":{"line":18,"column":0},"end":{"line":18,"column":1}}},"s":{"0":1,"1":1,"2":1,"3":1,"4":46,"5":46,"6":46,"7":46,"8":46,"9":46,"10":46,"11":46,"12":46,"13":46,"14":46,"15":46,"16":46,"17":46},"branchMap":{"0":{"type":"branch","line":5,"loc":{"start":{"line":5,"column":0},"end":{"line":18,"column":1}},"locations":[{"start":{"line":5,"column":0},"end":{"line":18,"column":1}}]},"1":{"type":"branch","line":5,"loc":{"start":{"line":5,"column":0},"end":{"line":18,"column":1}},"locations":[{"start":{"line":5,"column":0},"end":{"line":18,"column":1}}]},"2":{"type":"branch","line":15,"loc":{"start":{"line":15,"column":14},"end":{"line":15,"column":24}},"locations":[{"start":{"line":15,"column":14},"end":{"line":15,"column":24}}]},"3":{"type":"branch","line":15,"loc":{"start":{"line":15,"column":26},"end":{"line":15,"column":38}},"locations":[{"start":{"line":15,"column":26},"end":{"line":15,"column":38}}]}},"b":{"0":[9],"1":[46],"2":[9],"3":[9]},"fnMap":{"0":{"name":"Course","decl":{"start":{"line":5,"column":0},"end":{"line":18,"column":1}},"loc":{"start":{"line":5,"column":0},"end":{"line":18,"column":1}},"line":5},"1":{"name":"Object.<anonymous>.__decorate.lazy","decl":{"start":{"line":15,"column":14},"end":{"line":15,"column":24}},"loc":{"start":{"line":15,"column":14},"end":{"line":15,"column":24}},"line":15},"2":{"name":"Object.<anonymous>.__decorate.lazy","decl":{"start":{"line":15,"column":26},"end":{"line":15,"column":38}},"loc":{"start":{"line":15,"column":26},"end":{"line":15,"column":38}},"line":15}},"f":{"0":46,"1":9,"2":9}}
,"/home/andresmartins/q4/q4-sprint2-kenzie-courses-andresmartins910/src/entities/User.entity.ts": {"path":"/home/andresmartins/q4/q4-sprint2-kenzie-courses-andresmartins910/src/entities/User.entity.ts","all":false,"statementMap":{"0":{"start":{"line":1,"column":0},"end":{"line":1,"column":33}},"1":{"start":{"line":2,"column":0},"end":{"line":2,"column":8}},"2":{"start":{"line":3,"column":0},"end":{"line":3,"column":9}},"3":{"start":{"line":4,"column":0},"end":{"line":4,"column":25}},"4":{"start":{"line":5,"column":0},"end":{"line":5,"column":9}},"5":{"start":{"line":6,"column":0},"end":{"line":6,"column":13}},"6":{"start":{"line":7,"column":0},"end":{"line":7,"column":17}},"7":{"start":{"line":8,"column":0},"end":{"line":8,"column":41}},"8":{"start":{"line":9,"column":0},"end":{"line":9,"column":0}},"9":{"start":{"line":10,"column":0},"end":{"line":10,"column":16}},"10":{"start":{"line":11,"column":0},"end":{"line":11,"column":19}},"11":{"start":{"line":12,"column":0},"end":{"line":12,"column":33}},"12":{"start":{"line":13,"column":0},"end":{"line":13,"column":14}},"13":{"start":{"line":14,"column":0},"end":{"line":14,"column":0}},"14":{"start":{"line":15,"column":0},"end":{"line":15,"column":11}},"15":{"start":{"line":16,"column":0},"end":{"line":16,"column":20}},"16":{"start":{"line":17,"column":0},"end":{"line":17,"column":0}},"17":{"start":{"line":18,"column":0},"end":{"line":18,"column":11}},"18":{"start":{"line":19,"column":0},"end":{"line":19,"column":19}},"19":{"start":{"line":20,"column":0},"end":{"line":20,"column":0}},"20":{"start":{"line":21,"column":0},"end":{"line":21,"column":27}},"21":{"start":{"line":22,"column":0},"end":{"line":22,"column":16}},"22":{"start":{"line":23,"column":0},"end":{"line":23,"column":0}},"23":{"start":{"line":24,"column":0},"end":{"line":24,"column":11}},"24":{"start":{"line":25,"column":0},"end":{"line":25,"column":19}},"25":{"start":{"line":26,"column":0},"end":{"line":26,"column":0}},"26":{"start":{"line":27,"column":0},"end":{"line":27,"column":11}},"27":{"start":{"line":28,"column":0},"end":{"line":28,"column":17}},"28":{"start":{"line":29,"column":0},"end":{"line":29,"column":0}},"29":{"start":{"line":30,"column":0},"end":{"line":30,"column":11}},"30":{"start":{"line":31,"column":0},"end":{"line":31,"column":18}},"31":{"start":{"line":32,"column":0},"end":{"line":32,"column":0}},"32":{"start":{"line":33,"column":0},"end":{"line":33,"column":11}},"33":{"start":{"line":34,"column":0},"end":{"line":34,"column":18}},"34":{"start":{"line":35,"column":0},"end":{"line":35,"column":0}},"35":{"start":{"line":36,"column":0},"end":{"line":36,"column":71}},"36":{"start":{"line":37,"column":0},"end":{"line":37,"column":20}},"37":{"start":{"line":38,"column":0},"end":{"line":38,"column":0}},"38":{"start":{"line":39,"column":0},"end":{"line":39,"column":57}},"39":{"start":{"line":40,"column":0},"end":{"line":40,"column":45}},"40":{"start":{"line":41,"column":0},"end":{"line":41,"column":4}},"41":{"start":{"line":42,"column":0},"end":{"line":42,"column":1}}},"s":{"0":1,"1":1,"2":1,"3":1,"4":1,"5":1,"6":1,"7":1,"8":1,"9":1,"10":43,"11":43,"12":43,"13":43,"14":43,"15":43,"16":43,"17":43,"18":43,"19":43,"20":43,"21":43,"22":43,"23":43,"24":43,"25":43,"26":43,"27":43,"28":43,"29":43,"30":43,"31":43,"32":43,"33":43,"34":43,"35":43,"36":43,"37":43,"38":43,"39":9,"40":9,"41":43},"branchMap":{"0":{"type":"branch","line":11,"loc":{"start":{"line":11,"column":0},"end":{"line":42,"column":1}},"locations":[{"start":{"line":11,"column":0},"end":{"line":42,"column":1}}]},"1":{"type":"branch","line":11,"loc":{"start":{"line":11,"column":0},"end":{"line":42,"column":1}},"locations":[{"start":{"line":11,"column":0},"end":{"line":42,"column":1}}]},"2":{"type":"branch","line":39,"loc":{"start":{"line":39,"column":15},"end":{"line":41,"column":4}},"locations":[{"start":{"line":39,"column":15},"end":{"line":41,"column":4}}]},"3":{"type":"branch","line":39,"loc":{"start":{"line":39,"column":33},"end":{"line":41,"column":4}},"locations":[{"start":{"line":39,"column":33},"end":{"line":41,"column":4}}]},"4":{"type":"branch","line":40,"loc":{"start":{"line":40,"column":11},"end":{"line":40,"column":45}},"locations":[{"start":{"line":40,"column":11},"end":{"line":40,"column":45}}]},"5":{"type":"branch","line":40,"loc":{"start":{"line":40,"column":4},"end":{"line":40,"column":45}},"locations":[{"start":{"line":40,"column":4},"end":{"line":40,"column":45}}]},"6":{"type":"branch","line":36,"loc":{"start":{"line":36,"column":14},"end":{"line":36,"column":26}},"locations":[{"start":{"line":36,"column":14},"end":{"line":36,"column":26}}]},"7":{"type":"branch","line":36,"loc":{"start":{"line":36,"column":28},"end":{"line":36,"column":44}},"locations":[{"start":{"line":36,"column":28},"end":{"line":36,"column":44}}]}},"b":{"0":[9],"1":[43],"2":[9],"3":[9],"4":[9],"5":[9],"6":[9],"7":[9]},"fnMap":{"0":{"name":"User","decl":{"start":{"line":11,"column":0},"end":{"line":42,"column":1}},"loc":{"start":{"line":11,"column":0},"end":{"line":42,"column":1}},"line":11},"1":{"name":"User.comparePwd","decl":{"start":{"line":39,"column":15},"end":{"line":41,"column":4}},"loc":{"start":{"line":39,"column":15},"end":{"line":41,"column":4}},"line":39},"2":{"name":"Object.<anonymous>.__decorate.eager","decl":{"start":{"line":36,"column":14},"end":{"line":36,"column":26}},"loc":{"start":{"line":36,"column":14},"end":{"line":36,"column":26}},"line":36},"3":{"name":"Object.<anonymous>.__decorate.eager","decl":{"start":{"line":36,"column":28},"end":{"line":36,"column":44}},"loc":{"start":{"line":36,"column":28},"end":{"line":36,"column":44}},"line":36}},"f":{"0":43,"1":9,"2":9,"3":9}}
,"/home/andresmartins/q4/q4-sprint2-kenzie-courses-andresmartins910/src/entities/index.ts": {"path":"/home/andresmartins/q4/q4-sprint2-kenzie-courses-andresmartins910/src/entities/index.ts","all":false,"statementMap":{"0":{"start":{"line":1,"column":0},"end":{"line":1,"column":37}},"1":{"start":{"line":2,"column":0},"end":{"line":2,"column":41}},"2":{"start":{"line":3,"column":0},"end":{"line":3,"column":0}},"3":{"start":{"line":4,"column":0},"end":{"line":4,"column":24}}},"s":{"0":1,"1":1,"2":1,"3":1},"branchMap":{"0":{"type":"branch","line":4,"loc":{"start":{"line":4,"column":9},"end":{"line":4,"column":13}},"locations":[{"start":{"line":4,"column":9},"end":{"line":4,"column":13}}]},"1":{"type":"branch","line":4,"loc":{"start":{"line":4,"column":15},"end":{"line":4,"column":21}},"locations":[{"start":{"line":4,"column":15},"end":{"line":4,"column":21}}]}},"b":{"0":[18],"1":[18]},"fnMap":{"0":{"name":"get","decl":{"start":{"line":4,"column":9},"end":{"line":4,"column":13}},"loc":{"start":{"line":4,"column":9},"end":{"line":4,"column":13}},"line":4},"1":{"name":"get","decl":{"start":{"line":4,"column":15},"end":{"line":4,"column":21}},"loc":{"start":{"line":4,"column":15},"end":{"line":4,"column":21}},"line":4}},"f":{"0":18,"1":18}}
,"/home/andresmartins/q4/q4-sprint2-kenzie-courses-andresmartins910/src/errors/errors.ts": {"path":"/home/andresmartins/q4/q4-sprint2-kenzie-courses-andresmartins910/src/errors/errors.ts","all":false,"statementMap":{"0":{"start":{"line":1,"column":0},"end":{"line":1,"column":35}},"1":{"start":{"line":2,"column":0},"end":{"line":2,"column":0}},"2":{"start":{"line":3,"column":0},"end":{"line":3,"column":45}},"3":{"start":{"line":4,"column":0},"end":{"line":4,"column":0}},"4":{"start":{"line":5,"column":0},"end":{"line":5,"column":20}},"5":{"start":{"line":6,"column":0},"end":{"line":6,"column":28}},"6":{"start":{"line":7,"column":0},"end":{"line":7,"column":27}},"7":{"start":{"line":8,"column":0},"end":{"line":8,"column":0}},"8":{"start":{"line":9,"column":0},"end":{"line":9,"column":54}},"9":{"start":{"line":10,"column":0},"end":{"line":10,"column":33}},"10":{"start":{"line":11,"column":0},"end":{"line":11,"column":27}},"11":{"start":{"line":12,"column":0},"end":{"line":12,"column":3}},"12":{"start":{"line":13,"column":0},"end":{"line":13,"column":1}},"13":{"start":{"line":14,"column":0},"end":{"line":14,"column":0}},"14":{"start":{"line":15,"column":0},"end":{"line":15,"column":53}},"15":{"start":{"line":16,"column":0},"end":{"line":16,"column":36}},"16":{"start":{"line":17,"column":0},"end":{"line":17,"column":69}},"17":{"start":{"line":18,"column":0},"end":{"line":18,"column":3}},"18":{"start":{"line":19,"column":0},"end":{"line":19,"column":0}},"19":{"start":{"line":20,"column":0},"end":{"line":20,"column":21}},"20":{"start":{"line":21,"column":0},"end":{"line":21,"column":0}},"21":{"start":{"line":22,"column":0},"end":{"line":22,"column":69}},"22":{"start":{"line":23,"column":0},"end":{"line":23,"column":2}},"23":{"start":{"line":24,"column":0},"end":{"line":24,"column":0}},"24":{"start":{"line":25,"column":0},"end":{"line":25,"column":38}}},"s":{"0":1,"1":1,"2":1,"3":1,"4":9,"5":9,"6":9,"7":9,"8":9,"9":1,"10":1,"11":1,"12":9,"13":1,"14":1,"15":1,"16":1,"17":1,"18":0,"19":0,"20":0,"21":0,"22":0,"23":1,"24":1},"branchMap":{"0":{"type":"branch","line":5,"loc":{"start":{"line":5,"column":0},"end":{"line":13,"column":1}},"locations":[{"start":{"line":5,"column":0},"end":{"line":13,"column":1}}]},"1":{"type":"branch","line":9,"loc":{"start":{"line":9,"column":2},"end":{"line":12,"column":3}},"locations":[{"start":{"line":9,"column":2},"end":{"line":12,"column":3}}]},"2":{"type":"branch","line":15,"loc":{"start":{"line":15,"column":21},"end":{"line":23,"column":2}},"locations":[{"start":{"line":15,"column":21},"end":{"line":23,"column":2}}]},"3":{"type":"branch","line":19,"loc":{"start":{"line":19,"column":-1},"end":{"line":23,"column":2}},"locations":[{"start":{"line":19,"column":-1},"end":{"line":23,"column":2}}]}},"b":{"0":[9],"1":[1],"2":[1],"3":[0]},"fnMap":{"0":{"name":"ErrorHandler","decl":{"start":{"line":9,"column":2},"end":{"line":12,"column":3}},"loc":{"start":{"line":9,"column":2},"end":{"line":12,"column":3}},"line":9},"1":{"name":"errorHandler","decl":{"start":{"line":15,"column":21},"end":{"line":23,"column":2}},"loc":{"start":{"line":15,"column":21},"end":{"line":23,"column":2}},"line":15}},"f":{"0":1,"1":1}}
,"/home/andresmartins/q4/q4-sprint2-kenzie-courses-andresmartins910/src/middlewares/getUserByIdOr404.middleware.ts": {"path":"/home/andresmartins/q4/q4-sprint2-kenzie-courses-andresmartins910/src/middlewares/getUserByIdOr404.middleware.ts","all":false,"statementMap":{"0":{"start":{"line":1,"column":0},"end":{"line":1,"column":58}},"1":{"start":{"line":2,"column":0},"end":{"line":2,"column":48}},"2":{"start":{"line":3,"column":0},"end":{"line":3,"column":49}},"3":{"start":{"line":4,"column":0},"end":{"line":4,"column":0}},"4":{"start":{"line":5,"column":0},"end":{"line":5,"column":32}},"5":{"start":{"line":6,"column":0},"end":{"line":6,"column":15}},"6":{"start":{"line":7,"column":0},"end":{"line":7,"column":16}},"7":{"start":{"line":8,"column":0},"end":{"line":8,"column":20}},"8":{"start":{"line":9,"column":0},"end":{"line":9,"column":6}},"9":{"start":{"line":10,"column":0},"end":{"line":10,"column":28}},"10":{"start":{"line":11,"column":0},"end":{"line":11,"column":0}},"11":{"start":{"line":12,"column":0},"end":{"line":12,"column":57}},"12":{"start":{"line":13,"column":0},"end":{"line":13,"column":0}},"13":{"start":{"line":14,"column":0},"end":{"line":14,"column":14}},"14":{"start":{"line":15,"column":0},"end":{"line":15,"column":50}},"15":{"start":{"line":16,"column":0},"end":{"line":16,"column":3}},"16":{"start":{"line":17,"column":0},"end":{"line":17,"column":0}},"17":{"start":{"line":18,"column":0},"end":{"line":18,"column":18}},"18":{"start":{"line":19,"column":0},"end":{"line":19,"column":0}},"19":{"start":{"line":20,"column":0},"end":{"line":20,"column":16}},"20":{"start":{"line":21,"column":0},"end":{"line":21,"column":2}},"21":{"start":{"line":22,"column":0},"end":{"line":22,"column":0}},"22":{"start":{"line":23,"column":0},"end":{"line":23,"column":32}}},"s":{"0":1,"1":1,"2":1,"3":1,"4":1,"5":2,"6":2,"7":2,"8":2,"9":2,"10":2,"11":2,"12":2,"13":2,"14":0,"15":0,"16":2,"17":2,"18":2,"19":2,"20":2,"21":1,"22":1},"branchMap":{"0":{"type":"branch","line":5,"loc":{"start":{"line":5,"column":25},"end":{"line":21,"column":2}},"locations":[{"start":{"line":5,"column":25},"end":{"line":21,"column":2}}]},"1":{"type":"branch","line":9,"loc":{"start":{"line":9,"column":-1},"end":{"line":21,"column":2}},"locations":[{"start":{"line":9,"column":-1},"end":{"line":21,"column":2}}]},"2":{"type":"branch","line":14,"loc":{"start":{"line":14,"column":13},"end":{"line":16,"column":3}},"locations":[{"start":{"line":14,"column":13},"end":{"line":16,"column":3}}]}},"b":{"0":[2],"1":[2],"2":[0]},"fnMap":{"0":{"name":"getUserByIdOr404","decl":{"start":{"line":5,"column":25},"end":{"line":21,"column":2}},"loc":{"start":{"line":5,"column":25},"end":{"line":21,"column":2}},"line":5}},"f":{"0":2}}
,"/home/andresmartins/q4/q4-sprint2-kenzie-courses-andresmartins910/src/middlewares/index.ts": {"path":"/home/andresmartins/q4/q4-sprint2-kenzie-courses-andresmartins910/src/middlewares/index.ts","all":false,"statementMap":{"0":{"start":{"line":1,"column":0},"end":{"line":1,"column":57}},"1":{"start":{"line":2,"column":0},"end":{"line":2,"column":55}},"2":{"start":{"line":3,"column":0},"end":{"line":3,"column":61}},"3":{"start":{"line":4,"column":0},"end":{"line":4,"column":61}},"4":{"start":{"line":5,"column":0},"end":{"line":5,"column":61}},"5":{"start":{"line":6,"column":0},"end":{"line":6,"column":51}},"6":{"start":{"line":7,"column":0},"end":{"line":7,"column":73}},"7":{"start":{"line":8,"column":0},"end":{"line":8,"column":0}},"8":{"start":{"line":9,"column":0},"end":{"line":9,"column":8}},"9":{"start":{"line":10,"column":0},"end":{"line":10,"column":21}},"10":{"start":{"line":11,"column":0},"end":{"line":11,"column":20}},"11":{"start":{"line":12,"column":0},"end":{"line":12,"column":23}},"12":{"start":{"line":13,"column":0},"end":{"line":13,"column":23}},"13":{"start":{"line":14,"column":0},"end":{"line":14,"column":23}},"14":{"start":{"line":15,"column":0},"end":{"line":15,"column":17}},"15":{"start":{"line":16,"column":0},"end":{"line":16,"column":30}}},"s":{"0":1,"1":1,"2":1,"3":1,"4":1,"5":1,"6":1,"7":1,"8":1,"9":1,"10":1,"11":1,"12":1,"13":1,"14":1,"15":1},"branchMap":{},"b":{},"fnMap":{},"f":{}}
,"/home/andresmartins/q4/q4-sprint2-kenzie-courses-andresmartins910/src/middlewares/validateSchema.middleware.ts": {"path":"/home/andresmartins/q4/q4-sprint2-kenzie-courses-andresmartins910/src/middlewares/validateSchema.middleware.ts","all":false,"statementMap":{"0":{"start":{"line":1,"column":0},"end":{"line":1,"column":58}},"1":{"start":{"line":2,"column":0},"end":{"line":2,"column":32}},"2":{"start":{"line":3,"column":0},"end":{"line":3,"column":48}},"3":{"start":{"line":4,"column":0},"end":{"line":4,"column":0}},"4":{"start":{"line":5,"column":0},"end":{"line":5,"column":22}},"5":{"start":{"line":6,"column":0},"end":{"line":6,"column":23}},"6":{"start":{"line":7,"column":0},"end":{"line":7,"column":62}},"7":{"start":{"line":8,"column":0},"end":{"line":8,"column":9}},"8":{"start":{"line":9,"column":0},"end":{"line":9,"column":56}},"9":{"start":{"line":10,"column":0},"end":{"line":10,"column":26}},"10":{"start":{"line":11,"column":0},"end":{"line":11,"column":27}},"11":{"start":{"line":12,"column":0},"end":{"line":12,"column":9}},"12":{"start":{"line":13,"column":0},"end":{"line":13,"column":0}},"13":{"start":{"line":14,"column":0},"end":{"line":14,"column":32}},"14":{"start":{"line":15,"column":0},"end":{"line":15,"column":0}},"15":{"start":{"line":16,"column":0},"end":{"line":16,"column":20}},"16":{"start":{"line":17,"column":0},"end":{"line":17,"column":21}},"17":{"start":{"line":18,"column":0},"end":{"line":18,"column":61}},"18":{"start":{"line":19,"column":0},"end":{"line":19,"column":5}},"19":{"start":{"line":20,"column":0},"end":{"line":20,"column":4}},"20":{"start":{"line":21,"column":0},"end":{"line":21,"column":0}},"21":{"start":{"line":22,"column":0},"end":{"line":22,"column":30}}},"s":{"0":1,"1":1,"2":1,"3":1,"4":1,"5":1,"6":54,"7":26,"8":26,"9":26,"10":26,"11":26,"12":26,"13":26,"14":26,"15":26,"16":26,"17":26,"18":26,"19":26,"20":1,"21":1},"branchMap":{"0":{"type":"branch","line":6,"loc":{"start":{"line":6,"column":2},"end":{"line":20,"column":4}},"locations":[{"start":{"line":6,"column":2},"end":{"line":20,"column":4}}]},"1":{"type":"branch","line":7,"loc":{"start":{"line":7,"column":2},"end":{"line":20,"column":4}},"locations":[{"start":{"line":7,"column":2},"end":{"line":20,"column":4}}]},"2":{"type":"branch","line":7,"loc":{"start":{"line":7,"column":56},"end":{"line":20,"column":4}},"locations":[{"start":{"line":7,"column":56},"end":{"line":20,"column":4}}]}},"b":{"0":[54],"1":[26],"2":[26]},"fnMap":{"0":{"name":"validateSchema","decl":{"start":{"line":6,"column":2},"end":{"line":20,"column":4}},"loc":{"start":{"line":6,"column":2},"end":{"line":20,"column":4}},"line":6}},"f":{"0":54}}
,"/home/andresmartins/q4/q4-sprint2-kenzie-courses-andresmartins910/src/middlewares/validateToken.middleware.ts": {"path":"/home/andresmartins/q4/q4-sprint2-kenzie-courses-andresmartins910/src/middlewares/validateToken.middleware.ts","all":false,"statementMap":{"0":{"start":{"line":1,"column":0},"end":{"line":1,"column":58}},"1":{"start":{"line":2,"column":0},"end":{"line":2,"column":64}},"2":{"start":{"line":3,"column":0},"end":{"line":3,"column":35}},"3":{"start":{"line":4,"column":0},"end":{"line":4,"column":48}},"4":{"start":{"line":5,"column":0},"end":{"line":5,"column":0}},"5":{"start":{"line":6,"column":0},"end":{"line":6,"column":82}},"6":{"start":{"line":7,"column":0},"end":{"line":7,"column":65}},"7":{"start":{"line":8,"column":0},"end":{"line":8,"column":0}},"8":{"start":{"line":9,"column":0},"end":{"line":9,"column":15}},"9":{"start":{"line":10,"column":0},"end":{"line":10,"column":70}},"10":{"start":{"line":11,"column":0},"end":{"line":11,"column":3}},"11":{"start":{"line":12,"column":0},"end":{"line":12,"column":0}},"12":{"start":{"line":13,"column":0},"end":{"line":13,"column":16}},"13":{"start":{"line":14,"column":0},"end":{"line":14,"column":10}},"14":{"start":{"line":15,"column":0},"end":{"line":15,"column":27}},"15":{"start":{"line":16,"column":0},"end":{"line":16,"column":58}},"16":{"start":{"line":17,"column":0},"end":{"line":17,"column":16}},"17":{"start":{"line":18,"column":0},"end":{"line":18,"column":56}},"18":{"start":{"line":19,"column":0},"end":{"line":19,"column":7}},"19":{"start":{"line":20,"column":0},"end":{"line":20,"column":0}},"20":{"start":{"line":21,"column":0},"end":{"line":21,"column":46}},"21":{"start":{"line":22,"column":0},"end":{"line":22,"column":0}},"22":{"start":{"line":23,"column":0},"end":{"line":23,"column":20}},"23":{"start":{"line":24,"column":0},"end":{"line":24,"column":5}},"24":{"start":{"line":25,"column":0},"end":{"line":25,"column":4}},"25":{"start":{"line":26,"column":0},"end":{"line":26,"column":2}},"26":{"start":{"line":27,"column":0},"end":{"line":27,"column":0}},"27":{"start":{"line":28,"column":0},"end":{"line":28,"column":29}}},"s":{"0":1,"1":1,"2":1,"3":1,"4":1,"5":1,"6":9,"7":9,"8":9,"9":0,"10":0,"11":9,"12":9,"13":9,"14":9,"15":9,"16":9,"17":0,"18":0,"19":9,"20":9,"21":9,"22":9,"23":9,"24":9,"25":9,"26":1,"27":1},"branchMap":{"0":{"type":"branch","line":6,"loc":{"start":{"line":6,"column":22},"end":{"line":26,"column":2}},"locations":[{"start":{"line":6,"column":22},"end":{"line":26,"column":2}}]},"1":{"type":"branch","line":6,"loc":{"start":{"line":6,"column":76},"end":{"line":26,"column":2}},"locations":[{"start":{"line":6,"column":76},"end":{"line":26,"column":2}}]},"2":{"type":"branch","line":7,"loc":{"start":{"line":7,"column":49},"end":{"line":7,"column":51}},"locations":[{"start":{"line":7,"column":49},"end":{"line":7,"column":51}}]},"3":{"type":"branch","line":9,"loc":{"start":{"line":9,"column":14},"end":{"line":11,"column":3}},"locations":[{"start":{"line":9,"column":14},"end":{"line":11,"column":3}}]},"4":{"type":"branch","line":16,"loc":{"start":{"line":16,"column":4},"end":{"line":24,"column":5}},"locations":[{"start":{"line":16,"column":4},"end":{"line":24,"column":5}}]},"5":{"type":"branch","line":17,"loc":{"start":{"line":17,"column":15},"end":{"line":19,"column":7}},"locations":[{"start":{"line":17,"column":15},"end":{"line":19,"column":7}}]}},"b":{"0":[9],"1":[9],"2":[0],"3":[0],"4":[9],"5":[0]},"fnMap":{"0":{"name":"validateToken","decl":{"start":{"line":6,"column":22},"end":{"line":26,"column":2}},"loc":{"start":{"line":6,"column":22},"end":{"line":26,"column":2}},"line":6}},"f":{"0":9}}
,"/home/andresmartins/q4/q4-sprint2-kenzie-courses-andresmartins910/src/middlewares/verifyAdmin.middleware.ts": {"path":"/home/andresmartins/q4/q4-sprint2-kenzie-courses-andresmartins910/src/middlewares/verifyAdmin.middleware.ts","all":false,"statementMap":{"0":{"start":{"line":1,"column":0},"end":{"line":1,"column":58}},"1":{"start":{"line":2,"column":0},"end":{"line":2,"column":48}},"2":{"start":{"line":3,"column":0},"end":{"line":3,"column":49}},"3":{"start":{"line":4,"column":0},"end":{"line":4,"column":0}},"4":{"start":{"line":5,"column":0},"end":{"line":5,"column":80}},"5":{"start":{"line":6,"column":0},"end":{"line":6,"column":26}},"6":{"start":{"line":7,"column":0},"end":{"line":7,"column":0}},"7":{"start":{"line":8,"column":0},"end":{"line":8,"column":62}},"8":{"start":{"line":9,"column":0},"end":{"line":9,"column":0}},"9":{"start":{"line":10,"column":0},"end":{"line":10,"column":30}},"10":{"start":{"line":11,"column":0},"end":{"line":11,"column":0}},"11":{"start":{"line":12,"column":0},"end":{"line":12,"column":19}},"12":{"start":{"line":13,"column":0},"end":{"line":13,"column":18}},"13":{"start":{"line":14,"column":0},"end":{"line":14,"column":3}},"14":{"start":{"line":15,"column":0},"end":{"line":15,"column":0}},"15":{"start":{"line":16,"column":0},"end":{"line":16,"column":33}},"16":{"start":{"line":17,"column":0},"end":{"line":17,"column":81}},"17":{"start":{"line":18,"column":0},"end":{"line":18,"column":3}},"18":{"start":{"line":19,"column":0},"end":{"line":19,"column":0}},"19":{"start":{"line":20,"column":0},"end":{"line":20,"column":16}},"20":{"start":{"line":21,"column":0},"end":{"line":21,"column":2}},"21":{"start":{"line":22,"column":0},"end":{"line":22,"column":0}},"22":{"start":{"line":23,"column":0},"end":{"line":23,"column":27}}},"s":{"0":1,"1":1,"2":1,"3":1,"4":1,"5":2,"6":2,"7":2,"8":2,"9":2,"10":2,"11":2,"12":2,"13":2,"14":0,"15":0,"16":0,"17":0,"18":0,"19":0,"20":2,"21":1,"22":1},"branchMap":{"0":{"type":"branch","line":5,"loc":{"start":{"line":5,"column":20},"end":{"line":21,"column":2}},"locations":[{"start":{"line":5,"column":20},"end":{"line":21,"column":2}}]},"1":{"type":"branch","line":5,"loc":{"start":{"line":5,"column":74},"end":{"line":21,"column":2}},"locations":[{"start":{"line":5,"column":74},"end":{"line":21,"column":2}}]},"2":{"type":"branch","line":15,"loc":{"start":{"line":15,"column":-1},"end":{"line":20,"column":16}},"locations":[{"start":{"line":15,"column":-1},"end":{"line":20,"column":16}}]}},"b":{"0":[2],"1":[2],"2":[0]},"fnMap":{"0":{"name":"verifyAdmin","decl":{"start":{"line":5,"column":20},"end":{"line":21,"column":2}},"loc":{"start":{"line":5,"column":20},"end":{"line":21,"column":2}},"line":5}},"f":{"0":2}}
,"/home/andresmartins/q4/q4-sprint2-kenzie-courses-andresmartins910/src/middlewares/verifyPermission.middleware.ts": {"path":"/home/andresmartins/q4/q4-sprint2-kenzie-courses-andresmartins910/src/middlewares/verifyPermission.middleware.ts","all":false,"statementMap":{"0":{"start":{"line":1,"column":0},"end":{"line":1,"column":58}},"1":{"start":{"line":2,"column":0},"end":{"line":2,"column":48}},"2":{"start":{"line":3,"column":0},"end":{"line":3,"column":49}},"3":{"start":{"line":4,"column":0},"end":{"line":4,"column":0}},"4":{"start":{"line":5,"column":0},"end":{"line":5,"column":85}},"5":{"start":{"line":6,"column":0},"end":{"line":6,"column":26}},"6":{"start":{"line":7,"column":0},"end":{"line":7,"column":0}},"7":{"start":{"line":8,"column":0},"end":{"line":8,"column":62}},"8":{"start":{"line":9,"column":0},"end":{"line":9,"column":0}},"9":{"start":{"line":10,"column":0},"end":{"line":10,"column":20}},"10":{"start":{"line":11,"column":0},"end":{"line":11,"column":86}},"11":{"start":{"line":12,"column":0},"end":{"line":12,"column":3}},"12":{"start":{"line":13,"column":0},"end":{"line":13,"column":0}},"13":{"start":{"line":14,"column":0},"end":{"line":14,"column":16}},"14":{"start":{"line":15,"column":0},"end":{"line":15,"column":2}},"15":{"start":{"line":16,"column":0},"end":{"line":16,"column":0}},"16":{"start":{"line":17,"column":0},"end":{"line":17,"column":32}}},"s":{"0":1,"1":1,"2":1,"3":1,"4":1,"5":6,"6":6,"7":6,"8":6,"9":6,"10":0,"11":0,"12":6,"13":6,"14":6,"15":1,"16":1},"branchMap":{"0":{"type":"branch","line":5,"loc":{"start":{"line":5,"column":25},"end":{"line":15,"column":2}},"locations":[{"start":{"line":5,"column":25},"end":{"line":15,"column":2}}]},"1":{"type":"branch","line":5,"loc":{"start":{"line":5,"column":79},"end":{"line":15,"column":2}},"locations":[{"start":{"line":5,"column":79},"end":{"line":15,"column":2}}]},"2":{"type":"branch","line":10,"loc":{"start":{"line":10,"column":19},"end":{"line":12,"column":3}},"locations":[{"start":{"line":10,"column":19},"end":{"line":12,"column":3}}]}},"b":{"0":[6],"1":[6],"2":[0]},"fnMap":{"0":{"name":"verifyPermission","decl":{"start":{"line":5,"column":25},"end":{"line":15,"column":2}},"loc":{"start":{"line":5,"column":25},"end":{"line":15,"column":2}},"line":5}},"f":{"0":6}}
,"/home/andresmartins/q4/q4-sprint2-kenzie-courses-andresmartins910/src/middlewares/verifyUserExists.middleware.ts": {"path":"/home/andresmartins/q4/q4-sprint2-kenzie-courses-andresmartins910/src/middlewares/verifyUserExists.middleware.ts","all":false,"statementMap":{"0":{"start":{"line":1,"column":0},"end":{"line":1,"column":58}},"1":{"start":{"line":2,"column":0},"end":{"line":2,"column":35}},"2":{"start":{"line":3,"column":0},"end":{"line":3,"column":48}},"3":{"start":{"line":4,"column":0},"end":{"line":4,"column":49}},"4":{"start":{"line":5,"column":0},"end":{"line":5,"column":0}},"5":{"start":{"line":6,"column":0},"end":{"line":6,"column":85}},"6":{"start":{"line":7,"column":0},"end":{"line":7,"column":1}},"7":{"start":{"line":8,"column":0},"end":{"line":8,"column":57}},"8":{"start":{"line":9,"column":0},"end":{"line":9,"column":41}},"9":{"start":{"line":10,"column":0},"end":{"line":10,"column":5}},"10":{"start":{"line":11,"column":0},"end":{"line":11,"column":0}},"11":{"start":{"line":12,"column":0},"end":{"line":12,"column":18}},"12":{"start":{"line":13,"column":0},"end":{"line":13,"column":64}},"13":{"start":{"line":14,"column":0},"end":{"line":14,"column":5}},"14":{"start":{"line":15,"column":0},"end":{"line":15,"column":2}},"15":{"start":{"line":16,"column":0},"end":{"line":16,"column":16}},"16":{"start":{"line":17,"column":0},"end":{"line":17,"column":2}},"17":{"start":{"line":18,"column":0},"end":{"line":18,"column":0}},"18":{"start":{"line":19,"column":0},"end":{"line":19,"column":31}}},"s":{"0":1,"1":1,"2":1,"3":1,"4":1,"5":1,"6":10,"7":10,"8":10,"9":10,"10":10,"11":10,"12":1,"13":1,"14":9,"15":9,"16":10,"17":1,"18":1},"branchMap":{"0":{"type":"branch","line":6,"loc":{"start":{"line":6,"column":25},"end":{"line":17,"column":2}},"locations":[{"start":{"line":6,"column":25},"end":{"line":17,"column":2}}]},"1":{"type":"branch","line":6,"loc":{"start":{"line":6,"column":79},"end":{"line":17,"column":2}},"locations":[{"start":{"line":6,"column":79},"end":{"line":17,"column":2}}]},"2":{"type":"branch","line":8,"loc":{"start":{"line":8,"column":26},"end":{"line":10,"column":5}},"locations":[{"start":{"line":8,"column":26},"end":{"line":10,"column":5}}]},"3":{"type":"branch","line":12,"loc":{"start":{"line":12,"column":17},"end":{"line":16,"column":16}},"locations":[{"start":{"line":12,"column":17},"end":{"line":16,"column":16}}]},"4":{"type":"branch","line":12,"loc":{"start":{"line":12,"column":17},"end":{"line":14,"column":5}},"locations":[{"start":{"line":12,"column":17},"end":{"line":14,"column":5}}]}},"b":{"0":[10],"1":[10],"2":[10],"3":[9],"4":[1]},"fnMap":{"0":{"name":"verifiUserExists","decl":{"start":{"line":6,"column":25},"end":{"line":17,"column":2}},"loc":{"start":{"line":6,"column":25},"end":{"line":17,"column":2}},"line":6}},"f":{"0":10}}
,"/home/andresmartins/q4/q4-sprint2-kenzie-courses-andresmartins910/src/middlewares/verifyUserExistsUpdate.middleware.ts": {"path":"/home/andresmartins/q4/q4-sprint2-kenzie-courses-andresmartins910/src/middlewares/verifyUserExistsUpdate.middleware.ts","all":false,"statementMap":{"0":{"start":{"line":1,"column":0},"end":{"line":1,"column":58}},"1":{"start":{"line":2,"column":0},"end":{"line":2,"column":35}},"2":{"start":{"line":3,"column":0},"end":{"line":3,"column":49}},"3":{"start":{"line":4,"column":0},"end":{"line":4,"column":48}},"4":{"start":{"line":5,"column":0},"end":{"line":5,"column":0}},"5":{"start":{"line":6,"column":0},"end":{"line":6,"column":91}},"6":{"start":{"line":7,"column":0},"end":{"line":7,"column":2}},"7":{"start":{"line":8,"column":0},"end":{"line":8,"column":47}},"8":{"start":{"line":9,"column":0},"end":{"line":9,"column":59}},"9":{"start":{"line":10,"column":0},"end":{"line":10,"column":43}},"10":{"start":{"line":11,"column":0},"end":{"line":11,"column":7}},"11":{"start":{"line":12,"column":0},"end":{"line":12,"column":2}},"12":{"start":{"line":13,"column":0},"end":{"line":13,"column":20}},"13":{"start":{"line":14,"column":0},"end":{"line":14,"column":65}},"14":{"start":{"line":15,"column":0},"end":{"line":15,"column":7}},"15":{"start":{"line":16,"column":0},"end":{"line":16,"column":3}},"16":{"start":{"line":17,"column":0},"end":{"line":17,"column":2}},"17":{"start":{"line":18,"column":0},"end":{"line":18,"column":16}},"18":{"start":{"line":19,"column":0},"end":{"line":19,"column":2}},"19":{"start":{"line":20,"column":0},"end":{"line":20,"column":0}},"20":{"start":{"line":21,"column":0},"end":{"line":21,"column":38}}},"s":{"0":1,"1":1,"2":1,"3":1,"4":1,"5":1,"6":1,"7":1,"8":0,"9":0,"10":0,"11":1,"12":1,"13":1,"14":1,"15":1,"16":1,"17":1,"18":1,"19":1,"20":1},"branchMap":{"0":{"type":"branch","line":6,"loc":{"start":{"line":6,"column":31},"end":{"line":19,"column":2}},"locations":[{"start":{"line":6,"column":31},"end":{"line":19,"column":2}}]},"1":{"type":"branch","line":6,"loc":{"start":{"line":6,"column":85},"end":{"line":19,"column":2}},"locations":[{"start":{"line":6,"column":85},"end":{"line":19,"column":2}}]},"2":{"type":"branch","line":8,"loc":{"start":{"line":8,"column":44},"end":{"line":11,"column":7}},"locations":[{"start":{"line":8,"column":44},"end":{"line":11,"column":7}}]},"3":{"type":"branch","line":18,"loc":{"start":{"line":18,"column":2},"end":{"line":18,"column":16}},"locations":[{"start":{"line":18,"column":2},"end":{"line":18,"column":16}}]}},"b":{"0":[1],"1":[1],"2":[0],"3":[1]},"fnMap":{"0":{"name":"verifiUserExistsUpdate","decl":{"start":{"line":6,"column":31},"end":{"line":19,"column":2}},"loc":{"start":{"line":6,"column":31},"end":{"line":19,"column":2}},"line":6}},"f":{"0":1}}
,"/home/andresmartins/q4/q4-sprint2-kenzie-courses-andresmartins910/src/repositories/course.repository.ts": {"path":"/home/andresmartins/q4/q4-sprint2-kenzie-courses-andresmartins910/src/repositories/course.repository.ts","all":false,"statementMap":{"0":{"start":{"line":1,"column":0},"end":{"line":1,"column":65}},"1":{"start":{"line":2,"column":0},"end":{"line":2,"column":47}},"2":{"start":{"line":3,"column":0},"end":{"line":3,"column":37}},"3":{"start":{"line":4,"column":0},"end":{"line":4,"column":0}},"4":{"start":{"line":5,"column":0},"end":{"line":5,"column":23}},"5":{"start":{"line":6,"column":0},"end":{"line":6,"column":55}},"6":{"start":{"line":7,"column":0},"end":{"line":7,"column":37}},"7":{"start":{"line":8,"column":0},"end":{"line":8,"column":50}},"8":{"start":{"line":9,"column":0},"end":{"line":9,"column":76}},"9":{"start":{"line":10,"column":0},"end":{"line":10,"column":50}},"10":{"start":{"line":11,"column":0},"end":{"line":11,"column":1}},"11":{"start":{"line":12,"column":0},"end":{"line":12,"column":0}},"12":{"start":{"line":13,"column":0},"end":{"line":13,"column":47}},"13":{"start":{"line":14,"column":0},"end":{"line":14,"column":43}},"14":{"start":{"line":15,"column":0},"end":{"line":15,"column":0}},"15":{"start":{"line":16,"column":0},"end":{"line":16,"column":19}},"16":{"start":{"line":17,"column":0},"end":{"line":17,"column":62}},"17":{"start":{"line":18,"column":0},"end":{"line":18,"column":5}},"18":{"start":{"line":19,"column":0},"end":{"line":19,"column":0}},"19":{"start":{"line":20,"column":0},"end":{"line":20,"column":88}},"20":{"start":{"line":21,"column":0},"end":{"line":21,"column":7}},"21":{"start":{"line":22,"column":0},"end":{"line":22,"column":56}},"22":{"start":{"line":23,"column":0},"end":{"line":23,"column":0}},"23":{"start":{"line":24,"column":0},"end":{"line":24,"column":87}},"24":{"start":{"line":25,"column":0},"end":{"line":25,"column":0}},"25":{"start":{"line":26,"column":0},"end":{"line":26,"column":130}},"26":{"start":{"line":27,"column":0},"end":{"line":27,"column":0}},"27":{"start":{"line":28,"column":0},"end":{"line":28,"column":91}},"28":{"start":{"line":29,"column":0},"end":{"line":29,"column":1}},"29":{"start":{"line":30,"column":0},"end":{"line":30,"column":0}},"30":{"start":{"line":31,"column":0},"end":{"line":31,"column":38}}},"s":{"0":1,"1":1,"2":1,"3":1,"4":1,"5":1,"6":1,"7":1,"8":1,"9":1,"10":1,"11":1,"12":9,"13":9,"14":9,"15":9,"16":9,"17":9,"18":9,"19":9,"20":9,"21":9,"22":9,"23":9,"24":9,"25":9,"26":9,"27":9,"28":9,"29":1,"30":1},"branchMap":{"0":{"type":"branch","line":13,"loc":{"start":{"line":13,"column":0},"end":{"line":29,"column":1}},"locations":[{"start":{"line":13,"column":0},"end":{"line":29,"column":1}}]},"1":{"type":"branch","line":16,"loc":{"start":{"line":16,"column":4},"end":{"line":18,"column":5}},"locations":[{"start":{"line":16,"column":4},"end":{"line":18,"column":5}}]},"2":{"type":"branch","line":20,"loc":{"start":{"line":20,"column":11},"end":{"line":20,"column":88}},"locations":[{"start":{"line":20,"column":11},"end":{"line":20,"column":88}}]},"3":{"type":"branch","line":20,"loc":{"start":{"line":20,"column":31},"end":{"line":20,"column":88}},"locations":[{"start":{"line":20,"column":31},"end":{"line":20,"column":88}}]},"4":{"type":"branch","line":20,"loc":{"start":{"line":20,"column":31},"end":{"line":20,"column":88}},"locations":[{"start":{"line":20,"column":31},"end":{"line":20,"column":88}}]},"5":{"type":"branch","line":20,"loc":{"start":{"line":20,"column":53},"end":{"line":20,"column":88}},"locations":[{"start":{"line":20,"column":53},"end":{"line":20,"column":88}}]},"6":{"type":"branch","line":20,"loc":{"start":{"line":20,"column":53},"end":{"line":20,"column":88}},"locations":[{"start":{"line":20,"column":53},"end":{"line":20,"column":88}}]},"7":{"type":"branch","line":22,"loc":{"start":{"line":22,"column":14},"end":{"line":22,"column":55}},"locations":[{"start":{"line":22,"column":14},"end":{"line":22,"column":55}}]},"8":{"type":"branch","line":22,"loc":{"start":{"line":22,"column":14},"end":{"line":22,"column":55}},"locations":[{"start":{"line":22,"column":14},"end":{"line":22,"column":55}}]},"9":{"type":"branch","line":22,"loc":{"start":{"line":22,"column":14},"end":{"line":22,"column":55}},"locations":[{"start":{"line":22,"column":14},"end":{"line":22,"column":55}}]},"10":{"type":"branch","line":22,"loc":{"start":{"line":22,"column":26},"end":{"line":22,"column":55}},"locations":[{"start":{"line":22,"column":26},"end":{"line":22,"column":55}}]},"11":{"type":"branch","line":22,"loc":{"start":{"line":22,"column":26},"end":{"line":22,"column":55}},"locations":[{"start":{"line":22,"column":26},"end":{"line":22,"column":55}}]},"12":{"type":"branch","line":24,"loc":{"start":{"line":24,"column":15},"end":{"line":24,"column":87}},"locations":[{"start":{"line":24,"column":15},"end":{"line":24,"column":87}}]},"13":{"type":"branch","line":24,"loc":{"start":{"line":24,"column":37},"end":{"line":24,"column":87}},"locations":[{"start":{"line":24,"column":37},"end":{"line":24,"column":87}}]},"14":{"type":"branch","line":24,"loc":{"start":{"line":24,"column":37},"end":{"line":24,"column":87}},"locations":[{"start":{"line":24,"column":37},"end":{"line":24,"column":87}}]},"15":{"type":"branch","line":24,"loc":{"start":{"line":24,"column":42},"end":{"line":24,"column":87}},"locations":[{"start":{"line":24,"column":42},"end":{"line":24,"column":87}}]},"16":{"type":"branch","line":24,"loc":{"start":{"line":24,"column":42},"end":{"line":24,"column":87}},"locations":[{"start":{"line":24,"column":42},"end":{"line":24,"column":87}}]},"17":{"type":"branch","line":26,"loc":{"start":{"line":26,"column":13},"end":{"line":26,"column":130}},"locations":[{"start":{"line":26,"column":13},"end":{"line":26,"column":130}}]},"18":{"type":"branch","line":26,"loc":{"start":{"line":26,"column":56},"end":{"line":26,"column":130}},"locations":[{"start":{"line":26,"column":56},"end":{"line":26,"column":130}}]},"19":{"type":"branch","line":26,"loc":{"start":{"line":26,"column":56},"end":{"line":26,"column":130}},"locations":[{"start":{"line":26,"column":56},"end":{"line":26,"column":130}}]},"20":{"type":"branch","line":26,"loc":{"start":{"line":26,"column":84},"end":{"line":26,"column":130}},"locations":[{"start":{"line":26,"column":84},"end":{"line":26,"column":130}}]},"21":{"type":"branch","line":26,"loc":{"start":{"line":26,"column":84},"end":{"line":26,"column":130}},"locations":[{"start":{"line":26,"column":84},"end":{"line":26,"column":130}}]}},"b":{"0":[9],"1":[9],"2":[4],"3":[4],"4":[8],"5":[4],"6":[4],"7":[1],"8":[1],"9":[2],"10":[1],"11":[1],"12":[2],"13":[2],"14":[4],"15":[2],"16":[2],"17":[1],"18":[1],"19":[2],"20":[1],"21":[1]},"fnMap":{"0":{"name":"CourseRepository","decl":{"start":{"line":16,"column":4},"end":{"line":18,"column":5}},"loc":{"start":{"line":16,"column":4},"end":{"line":18,"column":5}},"line":16},"1":{"name":"CourseRepository.save","decl":{"start":{"line":20,"column":11},"end":{"line":20,"column":88}},"loc":{"start":{"line":20,"column":11},"end":{"line":20,"column":88}},"line":20},"2":{"name":"CourseRepository.listAll","decl":{"start":{"line":22,"column":14},"end":{"line":22,"column":55}},"loc":{"start":{"line":22,"column":14},"end":{"line":22,"column":55}},"line":22},"3":{"name":"CourseRepository.retrieve","decl":{"start":{"line":24,"column":15},"end":{"line":24,"column":87}},"loc":{"start":{"line":24,"column":15},"end":{"line":24,"column":87}},"line":24},"4":{"name":"CourseRepository.update","decl":{"start":{"line":26,"column":13},"end":{"line":26,"column":130}},"loc":{"start":{"line":26,"column":13},"end":{"line":26,"column":130}},"line":26},"5":{"name":"CourseRepository.delete","decl":{"start":{"line":28,"column":13},"end":{"line":28,"column":91}},"loc":{"start":{"line":28,"column":13},"end":{"line":28,"column":91}},"line":28}},"f":{"0":9,"1":4,"2":1,"3":2,"4":1,"5":0}}
,"/home/andresmartins/q4/q4-sprint2-kenzie-courses-andresmartins910/src/repositories/index.ts": {"path":"/home/andresmartins/q4/q4-sprint2-kenzie-courses-andresmartins910/src/repositories/index.ts","all":false,"statementMap":{"0":{"start":{"line":1,"column":0},"end":{"line":1,"column":51}},"1":{"start":{"line":2,"column":0},"end":{"line":2,"column":47}},"2":{"start":{"line":3,"column":0},"end":{"line":3,"column":0}},"3":{"start":{"line":4,"column":0},"end":{"line":4,"column":44}}},"s":{"0":1,"1":1,"2":1,"3":1},"branchMap":{},"b":{},"fnMap":{},"f":{}}
,"/home/andresmartins/q4/q4-sprint2-kenzie-courses-andresmartins910/src/repositories/user.repository.ts": {"path":"/home/andresmartins/q4/q4-sprint2-kenzie-courses-andresmartins910/src/repositories/user.repository.ts","all":false,"statementMap":{"0":{"start":{"line":1,"column":0},"end":{"line":1,"column":51}},"1":{"start":{"line":2,"column":0},"end":{"line":2,"column":47}},"2":{"start":{"line":3,"column":0},"end":{"line":3,"column":35}},"3":{"start":{"line":4,"column":0},"end":{"line":4,"column":0}},"4":{"start":{"line":5,"column":0},"end":{"line":5,"column":21}},"5":{"start":{"line":6,"column":0},"end":{"line":6,"column":49}},"6":{"start":{"line":7,"column":0},"end":{"line":7,"column":35}},"7":{"start":{"line":8,"column":0},"end":{"line":8,"column":49}},"8":{"start":{"line":9,"column":0},"end":{"line":9,"column":74}},"9":{"start":{"line":10,"column":0},"end":{"line":10,"column":1}},"10":{"start":{"line":11,"column":0},"end":{"line":11,"column":0}},"11":{"start":{"line":12,"column":0},"end":{"line":12,"column":43}},"12":{"start":{"line":13,"column":0},"end":{"line":13,"column":39}},"13":{"start":{"line":14,"column":0},"end":{"line":14,"column":0}},"14":{"start":{"line":15,"column":0},"end":{"line":15,"column":19}},"15":{"start":{"line":16,"column":0},"end":{"line":16,"column":58}},"16":{"start":{"line":17,"column":0},"end":{"line":17,"column":5}},"17":{"start":{"line":18,"column":0},"end":{"line":18,"column":0}},"18":{"start":{"line":19,"column":0},"end":{"line":19,"column":78}},"19":{"start":{"line":20,"column":0},"end":{"line":20,"column":7}},"20":{"start":{"line":21,"column":0},"end":{"line":21,"column":54}},"21":{"start":{"line":22,"column":0},"end":{"line":22,"column":0}},"22":{"start":{"line":23,"column":0},"end":{"line":23,"column":86}},"23":{"start":{"line":24,"column":0},"end":{"line":24,"column":0}},"24":{"start":{"line":25,"column":0},"end":{"line":25,"column":103}},"25":{"start":{"line":26,"column":0},"end":{"line":26,"column":1}},"26":{"start":{"line":27,"column":0},"end":{"line":27,"column":0}},"27":{"start":{"line":28,"column":0},"end":{"line":28,"column":36}}},"s":{"0":1,"1":1,"2":1,"3":1,"4":1,"5":1,"6":1,"7":1,"8":1,"9":1,"10":1,"11":9,"12":9,"13":9,"14":9,"15":9,"16":9,"17":9,"18":9,"19":9,"20":9,"21":9,"22":9,"23":9,"24":9,"25":9,"26":1,"27":1},"branchMap":{"0":{"type":"branch","line":12,"loc":{"start":{"line":12,"column":0},"end":{"line":26,"column":1}},"locations":[{"start":{"line":12,"column":0},"end":{"line":26,"column":1}}]},"1":{"type":"branch","line":15,"loc":{"start":{"line":15,"column":4},"end":{"line":17,"column":5}},"locations":[{"start":{"line":15,"column":4},"end":{"line":17,"column":5}}]},"2":{"type":"branch","line":19,"loc":{"start":{"line":19,"column":11},"end":{"line":19,"column":78}},"locations":[{"start":{"line":19,"column":11},"end":{"line":19,"column":78}}]},"3":{"type":"branch","line":19,"loc":{"start":{"line":19,"column":27},"end":{"line":19,"column":78}},"locations":[{"start":{"line":19,"column":27},"end":{"line":19,"column":78}}]},"4":{"type":"branch","line":19,"loc":{"start":{"line":19,"column":27},"end":{"line":19,"column":78}},"locations":[{"start":{"line":19,"column":27},"end":{"line":19,"column":78}}]},"5":{"type":"branch","line":19,"loc":{"start":{"line":19,"column":47},"end":{"line":19,"column":78}},"locations":[{"start":{"line":19,"column":47},"end":{"line":19,"column":78}}]},"6":{"type":"branch","line":19,"loc":{"start":{"line":19,"column":47},"end":{"line":19,"column":78}},"locations":[{"start":{"line":19,"column":47},"end":{"line":19,"column":78}}]},"7":{"type":"branch","line":21,"loc":{"start":{"line":21,"column":14},"end":{"line":21,"column":53}},"locations":[{"start":{"line":21,"column":14},"end":{"line":21,"column":53}}]},"8":{"type":"branch","line":21,"loc":{"start":{"line":21,"column":14},"end":{"line":21,"column":53}},"locations":[{"start":{"line":21,"column":14},"end":{"line":21,"column":53}}]},"9":{"type":"branch","line":21,"loc":{"start":{"line":21,"column":14},"end":{"line":21,"column":53}},"locations":[{"start":{"line":21,"column":14},"end":{"line":21,"column":53}}]},"10":{"type":"branch","line":21,"loc":{"start":{"line":21,"column":26},"end":{"line":21,"column":53}},"locations":[{"start":{"line":21,"column":26},"end":{"line":21,"column":53}}]},"11":{"type":"branch","line":21,"loc":{"start":{"line":21,"column":26},"end":{"line":21,"column":53}},"locations":[{"start":{"line":21,"column":26},"end":{"line":21,"column":53}}]},"12":{"type":"branch","line":23,"loc":{"start":{"line":23,"column":15},"end":{"line":23,"column":86}},"locations":[{"start":{"line":23,"column":15},"end":{"line":23,"column":86}}]},"13":{"type":"branch","line":23,"loc":{"start":{"line":23,"column":37},"end":{"line":23,"column":86}},"locations":[{"start":{"line":23,"column":37},"end":{"line":23,"column":86}}]},"14":{"type":"branch","line":23,"loc":{"start":{"line":23,"column":37},"end":{"line":23,"column":86}},"locations":[{"start":{"line":23,"column":37},"end":{"line":23,"column":86}}]},"15":{"type":"branch","line":23,"loc":{"start":{"line":23,"column":42},"end":{"line":23,"column":86}},"locations":[{"start":{"line":23,"column":42},"end":{"line":23,"column":86}}]},"16":{"type":"branch","line":23,"loc":{"start":{"line":23,"column":42},"end":{"line":23,"column":86}},"locations":[{"start":{"line":23,"column":42},"end":{"line":23,"column":86}}]},"17":{"type":"branch","line":25,"loc":{"start":{"line":25,"column":13},"end":{"line":25,"column":103}},"locations":[{"start":{"line":25,"column":13},"end":{"line":25,"column":103}}]},"18":{"type":"branch","line":25,"loc":{"start":{"line":25,"column":54},"end":{"line":25,"column":103}},"locations":[{"start":{"line":25,"column":54},"end":{"line":25,"column":103}}]},"19":{"type":"branch","line":25,"loc":{"start":{"line":25,"column":54},"end":{"line":25,"column":103}},"locations":[{"start":{"line":25,"column":54},"end":{"line":25,"column":103}}]},"20":{"type":"branch","line":25,"loc":{"start":{"line":25,"column":59},"end":{"line":25,"column":103}},"locations":[{"start":{"line":25,"column":59},"end":{"line":25,"column":103}}]},"21":{"type":"branch","line":25,"loc":{"start":{"line":25,"column":59},"end":{"line":25,"column":103}},"locations":[{"start":{"line":25,"column":59},"end":{"line":25,"column":103}}]}},"b":{"0":[9],"1":[9],"2":[9],"3":[9],"4":[18],"5":[9],"6":[9],"7":[1],"8":[1],"9":[2],"10":[1],"11":[1],"12":[42],"13":[42],"14":[84],"15":[42],"16":[42],"17":[1],"18":[1],"19":[2],"20":[1],"21":[1]},"fnMap":{"0":{"name":"UserRepository","decl":{"start":{"line":15,"column":4},"end":{"line":17,"column":5}},"loc":{"start":{"line":15,"column":4},"end":{"line":17,"column":5}},"line":15},"1":{"name":"UserRepository.save","decl":{"start":{"line":19,"column":11},"end":{"line":19,"column":78}},"loc":{"start":{"line":19,"column":11},"end":{"line":19,"column":78}},"line":19},"2":{"name":"UserRepository.listAll","decl":{"start":{"line":21,"column":14},"end":{"line":21,"column":53}},"loc":{"start":{"line":21,"column":14},"end":{"line":21,"column":53}},"line":21},"3":{"name":"UserRepository.retrieve","decl":{"start":{"line":23,"column":15},"end":{"line":23,"column":86}},"loc":{"start":{"line":23,"column":15},"end":{"line":23,"column":86}},"line":23},"4":{"name":"UserRepository.update","decl":{"start":{"line":25,"column":13},"end":{"line":25,"column":103}},"loc":{"start":{"line":25,"column":13},"end":{"line":25,"column":103}},"line":25}},"f":{"0":9,"1":9,"2":1,"3":42,"4":1}}
,"/home/andresmartins/q4/q4-sprint2-kenzie-courses-andresmartins910/src/routes/course.route.ts": {"path":"/home/andresmartins/q4/q4-sprint2-kenzie-courses-andresmartins910/src/routes/course.route.ts","all":false,"statementMap":{"0":{"start":{"line":1,"column":0},"end":{"line":1,"column":33}},"1":{"start":{"line":2,"column":0},"end":{"line":2,"column":50}},"2":{"start":{"line":3,"column":0},"end":{"line":3,"column":8}},"3":{"start":{"line":4,"column":0},"end":{"line":4,"column":17}},"4":{"start":{"line":5,"column":0},"end":{"line":5,"column":16}},"5":{"start":{"line":6,"column":0},"end":{"line":6,"column":19}},"6":{"start":{"line":7,"column":0},"end":{"line":7,"column":24}},"7":{"start":{"line":8,"column":0},"end":{"line":8,"column":8}},"8":{"start":{"line":9,"column":0},"end":{"line":9,"column":15}},"9":{"start":{"line":10,"column":0},"end":{"line":10,"column":21}},"10":{"start":{"line":11,"column":0},"end":{"line":11,"column":29}},"11":{"start":{"line":12,"column":0},"end":{"line":12,"column":20}},"12":{"start":{"line":13,"column":0},"end":{"line":13,"column":0}},"13":{"start":{"line":14,"column":0},"end":{"line":14,"column":30}},"14":{"start":{"line":15,"column":0},"end":{"line":15,"column":0}},"15":{"start":{"line":16,"column":0},"end":{"line":16,"column":70}},"16":{"start":{"line":17,"column":0},"end":{"line":17,"column":18}},"17":{"start":{"line":18,"column":0},"end":{"line":18,"column":13}},"18":{"start":{"line":19,"column":0},"end":{"line":19,"column":16}},"19":{"start":{"line":20,"column":0},"end":{"line":20,"column":19}},"20":{"start":{"line":21,"column":0},"end":{"line":21,"column":31}},"21":{"start":{"line":22,"column":0},"end":{"line":22,"column":31}},"22":{"start":{"line":23,"column":0},"end":{"line":23,"column":2}},"23":{"start":{"line":24,"column":0},"end":{"line":24,"column":18}},"24":{"start":{"line":25,"column":0},"end":{"line":25,"column":22}},"25":{"start":{"line":26,"column":0},"end":{"line":26,"column":16}},"26":{"start":{"line":27,"column":0},"end":{"line":27,"column":19}},"27":{"start":{"line":28,"column":0},"end":{"line":28,"column":45}},"28":{"start":{"line":29,"column":0},"end":{"line":29,"column":39}},"29":{"start":{"line":30,"column":0},"end":{"line":30,"column":2}},"30":{"start":{"line":31,"column":0},"end":{"line":31,"column":19}},"31":{"start":{"line":32,"column":0},"end":{"line":32,"column":17}},"32":{"start":{"line":33,"column":0},"end":{"line":33,"column":16}},"33":{"start":{"line":34,"column":0},"end":{"line":34,"column":19}},"34":{"start":{"line":35,"column":0},"end":{"line":35,"column":37}},"35":{"start":{"line":36,"column":0},"end":{"line":36,"column":31}},"36":{"start":{"line":37,"column":0},"end":{"line":37,"column":2}},"37":{"start":{"line":38,"column":0},"end":{"line":38,"column":0}},"38":{"start":{"line":39,"column":0},"end":{"line":39,"column":28}}},"s":{"0":1,"1":1,"2":1,"3":1,"4":1,"5":1,"6":1,"7":1,"8":1,"9":1,"10":1,"11":1,"12":1,"13":1,"14":1,"15":1,"16":1,"17":1,"18":1,"19":1,"20":1,"21":1,"22":1,"23":1,"24":1,"25":1,"26":1,"27":1,"28":1,"29":1,"30":1,"31":1,"32":1,"33":1,"34":1,"35":1,"36":1,"37":1,"38":1},"branchMap":{},"b":{},"fnMap":{},"f":{}}
,"/home/andresmartins/q4/q4-sprint2-kenzie-courses-andresmartins910/src/routes/index.ts": {"path":"/home/andresmartins/q4/q4-sprint2-kenzie-courses-andresmartins910/src/routes/index.ts","all":false,"statementMap":{"0":{"start":{"line":1,"column":0},"end":{"line":1,"column":34}},"1":{"start":{"line":2,"column":0},"end":{"line":2,"column":42}},"2":{"start":{"line":3,"column":0},"end":{"line":3,"column":38}},"3":{"start":{"line":4,"column":0},"end":{"line":4,"column":0}},"4":{"start":{"line":5,"column":0},"end":{"line":5,"column":49}},"5":{"start":{"line":6,"column":0},"end":{"line":6,"column":0}},"6":{"start":{"line":7,"column":0},"end":{"line":7,"column":24}},"7":{"start":{"line":8,"column":0},"end":{"line":8,"column":26}},"8":{"start":{"line":9,"column":0},"end":{"line":9,"column":4}},"9":{"start":{"line":10,"column":0},"end":{"line":10,"column":2}},"10":{"start":{"line":11,"column":0},"end":{"line":11,"column":31}}},"s":{"0":1,"1":1,"2":1,"3":1,"4":1,"5":9,"6":9,"7":9,"8":9,"9":1,"10":1},"branchMap":{"0":{"type":"branch","line":5,"loc":{"start":{"line":5,"column":24},"end":{"line":9,"column":4}},"locations":[{"start":{"line":5,"column":24},"end":{"line":9,"column":4}}]}},"b":{"0":[9]},"fnMap":{"0":{"name":"registerRouters","decl":{"start":{"line":5,"column":24},"end":{"line":9,"column":4}},"loc":{"start":{"line":5,"column":24},"end":{"line":9,"column":4}},"line":5}},"f":{"0":9}}
,"/home/andresmartins/q4/q4-sprint2-kenzie-courses-andresmartins910/src/routes/user.route.ts": {"path":"/home/andresmartins/q4/q4-sprint2-kenzie-courses-andresmartins910/src/routes/user.route.ts","all":false,"statementMap":{"0":{"start":{"line":1,"column":0},"end":{"line":1,"column":33}},"1":{"start":{"line":2,"column":0},"end":{"line":2,"column":48}},"2":{"start":{"line":3,"column":0},"end":{"line":3,"column":8}},"3":{"start":{"line":4,"column":0},"end":{"line":4,"column":19}},"4":{"start":{"line":5,"column":0},"end":{"line":5,"column":17}},"5":{"start":{"line":6,"column":0},"end":{"line":6,"column":16}},"6":{"start":{"line":7,"column":0},"end":{"line":7,"column":19}},"7":{"start":{"line":8,"column":0},"end":{"line":8,"column":25}},"8":{"start":{"line":9,"column":0},"end":{"line":9,"column":14}},"9":{"start":{"line":10,"column":0},"end":{"line":10,"column":19}},"10":{"start":{"line":11,"column":0},"end":{"line":11,"column":24}},"11":{"start":{"line":12,"column":0},"end":{"line":12,"column":8}},"12":{"start":{"line":13,"column":0},"end":{"line":13,"column":18}},"13":{"start":{"line":14,"column":0},"end":{"line":14,"column":19}},"14":{"start":{"line":15,"column":0},"end":{"line":15,"column":19}},"15":{"start":{"line":16,"column":0},"end":{"line":16,"column":20}},"16":{"start":{"line":17,"column":0},"end":{"line":17,"column":0}},"17":{"start":{"line":18,"column":0},"end":{"line":18,"column":28}},"18":{"start":{"line":19,"column":0},"end":{"line":19,"column":0}},"19":{"start":{"line":20,"column":0},"end":{"line":20,"column":15}},"20":{"start":{"line":21,"column":0},"end":{"line":21,"column":11}},"21":{"start":{"line":22,"column":0},"end":{"line":22,"column":16}},"22":{"start":{"line":23,"column":0},"end":{"line":23,"column":19}},"23":{"start":{"line":24,"column":0},"end":{"line":24,"column":23}},"24":{"start":{"line":25,"column":0},"end":{"line":25,"column":2}},"25":{"start":{"line":26,"column":0},"end":{"line":26,"column":16}},"26":{"start":{"line":27,"column":0},"end":{"line":27,"column":11}},"27":{"start":{"line":28,"column":0},"end":{"line":28,"column":35}},"28":{"start":{"line":29,"column":0},"end":{"line":29,"column":19}},"29":{"start":{"line":30,"column":0},"end":{"line":30,"column":27}},"30":{"start":{"line":31,"column":0},"end":{"line":31,"column":2}},"31":{"start":{"line":32,"column":0},"end":{"line":32,"column":16}},"32":{"start":{"line":33,"column":0},"end":{"line":33,"column":11}},"33":{"start":{"line":34,"column":0},"end":{"line":34,"column":34}},"34":{"start":{"line":35,"column":0},"end":{"line":35,"column":26}},"35":{"start":{"line":36,"column":0},"end":{"line":36,"column":2}},"36":{"start":{"line":37,"column":0},"end":{"line":37,"column":15}},"37":{"start":{"line":38,"column":0},"end":{"line":38,"column":15}},"38":{"start":{"line":39,"column":0},"end":{"line":39,"column":16}},"39":{"start":{"line":40,"column":0},"end":{"line":40,"column":19}},"40":{"start":{"line":41,"column":0},"end":{"line":41,"column":14}},"41":{"start":{"line":42,"column":0},"end":{"line":42,"column":24}},"42":{"start":{"line":43,"column":0},"end":{"line":43,"column":2}},"43":{"start":{"line":44,"column":0},"end":{"line":44,"column":17}},"44":{"start":{"line":45,"column":0},"end":{"line":45,"column":15}},"45":{"start":{"line":46,"column":0},"end":{"line":46,"column":35}},"46":{"start":{"line":47,"column":0},"end":{"line":47,"column":25}},"47":{"start":{"line":48,"column":0},"end":{"line":48,"column":16}},"48":{"start":{"line":49,"column":0},"end":{"line":49,"column":19}},"49":{"start":{"line":50,"column":0},"end":{"line":50,"column":14}},"50":{"start":{"line":51,"column":0},"end":{"line":51,"column":23}},"51":{"start":{"line":52,"column":0},"end":{"line":52,"column":2}},"52":{"start":{"line":53,"column":0},"end":{"line":53,"column":0}},"53":{"start":{"line":54,"column":0},"end":{"line":54,"column":26}}},"s":{"0":1,"1":1,"2":1,"3":1,"4":1,"5":1,"6":1,"7":1,"8":1,"9":1,"10":1,"11":1,"12":1,"13":1,"14":1,"15":1,"16":1,"17":1,"18":1,"19":1,"20":1,"21":1,"22":1,"23":1,"24":1,"25":1,"26":1,"27":1,"28":1,"29":1,"30":1,"31":1,"32":1,"33":1,"34":1,"35":1,"36":1,"37":1,"38":1,"39":1,"40":1,"41":1,"42":1,"43":1,"44":1,"45":1,"46":1,"47":1,"48":1,"49":1,"50":1,"51":1,"52":1,"53":1},"branchMap":{},"b":{},"fnMap":{},"f":{}}
,"/home/andresmartins/q4/q4-sprint2-kenzie-courses-andresmartins910/src/schemas/index.ts": {"path":"/home/andresmartins/q4/q4-sprint2-kenzie-courses-andresmartins910/src/schemas/index.ts","all":false,"statementMap":{"0":{"start":{"line":1,"column":0},"end":{"line":1,"column":8}},"1":{"start":{"line":2,"column":0},"end":{"line":2,"column":15}},"2":{"start":{"line":3,"column":0},"end":{"line":3,"column":21}},"3":{"start":{"line":4,"column":0},"end":{"line":4,"column":25}},"4":{"start":{"line":5,"column":0},"end":{"line":5,"column":33}},"5":{"start":{"line":6,"column":0},"end":{"line":6,"column":79}},"6":{"start":{"line":7,"column":0},"end":{"line":7,"column":67}},"7":{"start":{"line":8,"column":0},"end":{"line":8,"column":8}},"8":{"start":{"line":9,"column":0},"end":{"line":9,"column":19}},"9":{"start":{"line":10,"column":0},"end":{"line":10,"column":29}},"10":{"start":{"line":11,"column":0},"end":{"line":11,"column":19}},"11":{"start":{"line":12,"column":0},"end":{"line":12,"column":30}},"12":{"start":{"line":13,"column":0},"end":{"line":13,"column":62}},"13":{"start":{"line":14,"column":0},"end":{"line":14,"column":50}},"14":{"start":{"line":15,"column":0},"end":{"line":15,"column":79}},"15":{"start":{"line":16,"column":0},"end":{"line":16,"column":0}},"16":{"start":{"line":17,"column":0},"end":{"line":17,"column":8}},"17":{"start":{"line":18,"column":0},"end":{"line":18,"column":18}},"18":{"start":{"line":19,"column":0},"end":{"line":19,"column":34}},"19":{"start":{"line":20,"column":0},"end":{"line":20,"column":31}},"20":{"start":{"line":21,"column":0},"end":{"line":21,"column":15}},"21":{"start":{"line":22,"column":0},"end":{"line":22,"column":21}},"22":{"start":{"line":23,"column":0},"end":{"line":23,"column":25}},"23":{"start":{"line":24,"column":0},"end":{"line":24,"column":19}},"24":{"start":{"line":25,"column":0},"end":{"line":25,"column":29}},"25":{"start":{"line":26,"column":0},"end":{"line":26,"column":19}},"26":{"start":{"line":27,"column":0},"end":{"line":27,"column":29}},"27":{"start":{"line":28,"column":0},"end":{"line":28,"column":29}},"28":{"start":{"line":29,"column":0},"end":{"line":29,"column":2}}},"s":{"0":1,"1":1,"2":1,"3":1,"4":1,"5":1,"6":1,"7":1,"8":1,"9":1,"10":1,"11":1,"12":1,"13":1,"14":1,"15":1,"16":1,"17":1,"18":1,"19":1,"20":1,"21":1,"22":1,"23":1,"24":1,"25":1,"26":1,"27":1,"28":1},"branchMap":{"0":{"type":"branch","line":21,"loc":{"start":{"line":21,"column":2},"end":{"line":21,"column":14}},"locations":[{"start":{"line":21,"column":2},"end":{"line":21,"column":14}}]},"1":{"type":"branch","line":22,"loc":{"start":{"line":22,"column":2},"end":{"line":22,"column":20}},"locations":[{"start":{"line":22,"column":2},"end":{"line":22,"column":20}}]},"2":{"type":"branch","line":23,"loc":{"start":{"line":23,"column":2},"end":{"line":23,"column":24}},"locations":[{"start":{"line":23,"column":2},"end":{"line":23,"column":24}}]},"3":{"type":"branch","line":24,"loc":{"start":{"line":24,"column":2},"end":{"line":24,"column":18}},"locations":[{"start":{"line":24,"column":2},"end":{"line":24,"column":18}}]},"4":{"type":"branch","line":25,"loc":{"start":{"line":25,"column":2},"end":{"line":25,"column":28}},"locations":[{"start":{"line":25,"column":2},"end":{"line":25,"column":28}}]},"5":{"type":"branch","line":26,"loc":{
[...]
t":{"line":58,"column":0},"end":{"line":58,"column":69}},"58":{"start":{"line":59,"column":0},"end":{"line":59,"column":67}},"59":{"start":{"line":60,"column":0},"end":{"line":60,"column":0}},"60":{"start":{"line":61,"column":0},"end":{"line":61,"column":49}},"61":{"start":{"line":62,"column":0},"end":{"line":62,"column":0}},"62":{"start":{"line":63,"column":0},"end":{"line":63,"column":40}},"63":{"start":{"line":64,"column":0},"end":{"line":64,"column":0}},"64":{"start":{"line":65,"column":0},"end":{"line":65,"column":28}},"65":{"start":{"line":66,"column":0},"end":{"line":66,"column":31}},"66":{"start":{"line":67,"column":0},"end":{"line":67,"column":26}},"67":{"start":{"line":68,"column":0},"end":{"line":68,"column":43}},"68":{"start":{"line":69,"column":0},"end":{"line":69,"column":124}},"69":{"start":{"line":70,"column":0},"end":{"line":70,"column":6}},"70":{"start":{"line":71,"column":0},"end":{"line":71,"column":0}},"71":{"start":{"line":72,"column":0},"end":{"line":72,"column":52}},"72":{"start":{"line":73,"column":0},"end":{"line":73,"column":0}},"73":{"start":{"line":74,"column":0},"end":{"line":74,"column":12}},"74":{"start":{"line":75,"column":0},"end":{"line":75,"column":148}},"75":{"start":{"line":76,"column":0},"end":{"line":76,"column":6}},"76":{"start":{"line":77,"column":0},"end":{"line":77,"column":4}},"77":{"start":{"line":78,"column":0},"end":{"line":78,"column":1}},"78":{"start":{"line":79,"column":0},"end":{"line":79,"column":0}},"79":{"start":{"line":80,"column":0},"end":{"line":80,"column":35}}},"s":{"0":1,"1":1,"2":1,"3":1,"4":1,"5":1,"6":1,"7":1,"8":1,"9":1,"10":1,"11":9,"12":9,"13":3,"14":3,"15":3,"16":3,"17":3,"18":9,"19":9,"20":1,"21":1,"22":1,"23":1,"24":1,"25":0,"26":0,"27":0,"28":0,"29":0,"30":1,"31":1,"32":1,"33":1,"34":1,"35":1,"36":1,"37":0,"38":0,"39":1,"40":9,"41":9,"42":1,"43":1,"44":1,"45":1,"46":1,"47":1,"48":1,"49":1,"50":9,"51":9,"52":1,"53":1,"54":1,"55":1,"56":1,"57":1,"58":1,"59":1,"60":1,"61":1,"62":1,"63":1,"64":1,"65":1,"66":1,"67":1,"68":1,"69":1,"70":1,"71":1,"72":1,"73":1,"74":1,"75":1,"76":1,"77":9,"78":1,"79":1},"branchMap":{"0":{"type":"branch","line":12,"loc":{"start":{"line":12,"column":0},"end":{"line":78,"column":1}},"locations":[{"start":{"line":12,"column":0},"end":{"line":78,"column":1}}]},"1":{"type":"branch","line":12,"loc":{"start":{"line":12,"column":0},"end":{"line":78,"column":1}},"locations":[{"start":{"line":12,"column":0},"end":{"line":78,"column":1}}]},"2":{"type":"branch","line":13,"loc":{"start":{"line":13,"column":17},"end":{"line":18,"column":4}},"locations":[{"start":{"line":13,"column":17},"end":{"line":18,"column":4}}]},"3":{"type":"branch","line":14,"loc":{"start":{"line":14,"column":19},"end":{"line":14,"column":68}},"locations":[{"start":{"line":14,"column":19},"end":{"line":14,"column":68}}]},"4":{"type":"branch","line":15,"loc":{"start":{"line":15,"column":4},"end":{"line":17,"column":7}},"locations":[{"start":{"line":15,"column":4},"end":{"line":17,"column":7}}]},"5":{"type":"branch","line":20,"loc":{"start":{"line":20,"column":19},"end":{"line":40,"column":4}},"locations":[{"start":{"line":20,"column":19},"end":{"line":40,"column":4}}]},"6":{"type":"branch","line":24,"loc":{"start":{"line":24,"column":8},"end":{"line":24,"column":18}},"locations":[{"start":{"line":24,"column":8},"end":{"line":24,"column":18}}]},"7":{"type":"branch","line":25,"loc":{"start":{"line":25,"column":35},"end":{"line":30,"column":43}},"locations":[{"start":{"line":25,"column":35},"end":{"line":30,"column":43}}]},"8":{"type":"branch","line":33,"loc":{"start":{"line":33,"column":13},"end":{"line":35,"column":9}},"locations":[{"start":{"line":33,"column":13},"end":{"line":35,"column":9}}]},"9":{"type":"branch","line":33,"loc":{"start":{"line":33,"column":6},"end":{"line":35,"column":9}},"locations":[{"start":{"line":33,"column":6},"end":{"line":35,"column":9}}]},"10":{"type":"branch","line":37,"loc":{"start":{"line":37,"column":11},"end":{"line":39,"column":7}},"locations":[{"start":{"line":37,"column":11},"end":{"line":39,"column":7}}]},"11":{"type":"branch","line":37,"loc":{"start":{"line":37,"column":4},"end":{"line":39,"column":7}},"locations":[{"start":{"line":37,"column":4},"end":{"line":39,"column":7}}]},"12":{"type":"branch","line":42,"loc":{"start":{"line":42,"column":17},"end":{"line":50,"column":4}},"locations":[{"start":{"line":42,"column":17},"end":{"line":50,"column":4}}]},"13":{"type":"branch","line":43,"loc":{"start":{"line":43,"column":19},"end":{"line":45,"column":7}},"locations":[{"start":{"line":43,"column":19},"end":{"line":45,"column":7}}]},"14":{"type":"branch","line":47,"loc":{"start":{"line":47,"column":4},"end":{"line":49,"column":7}},"locations":[{"start":{"line":47,"column":4},"end":{"line":49,"column":7}}]},"15":{"type":"branch","line":52,"loc":{"start":{"line":52,"column":25},"end":{"line":77,"column":4}},"locations":[{"start":{"line":52,"column":25},"end":{"line":77,"column":4}}]}},"b":{"0":[9],"1":[9],"2":[3],"3":[3],"4":[3],"5":[1],"6":[0],"7":[0],"8":[1],"9":[1],"10":[0],"11":[0],"12":[1],"13":[1],"14":[1],"15":[1]},"fnMap":{"0":{"name":"CourseService","decl":{"start":{"line":12,"column":0},"end":{"line":78,"column":1}},"loc":{"start":{"line":12,"column":0},"end":{"line":78,"column":1}},"line":12},"1":{"name":"CourseService.createCourse","decl":{"start":{"line":13,"column":17},"end":{"line":18,"column":4}},"loc":{"start":{"line":13,"column":17},"end":{"line":18,"column":4}},"line":13},"2":{"name":"CourseService.readAllCourses","decl":{"start":{"line":20,"column":19},"end":{"line":40,"column":4}},"loc":{"start":{"line":20,"column":19},"end":{"line":40,"column":4}},"line":20},"3":{"name":"CourseService.updateCourse","decl":{"start":{"line":42,"column":17},"end":{"line":50,"column":4}},"loc":{"start":{"line":42,"column":17},"end":{"line":50,"column":4}},"line":42},"4":{"name":"CourseService.registerCourseToUser","decl":{"start":{"line":52,"column":25},"end":{"line":77,"column":4}},"loc":{"start":{"line":52,"column":25},"end":{"line":77,"column":4}},"line":52}},"f":{"0":9,"1":3,"2":1,"3":1,"4":1}}
,"/home/andresmartins/q4/q4-sprint2-kenzie-courses-andresmartins910/src/services/index.ts": {"path":"/home/andresmartins/q4/q4-sprint2-kenzie-courses-andresmartins910/src/services/index.ts","all":false,"statementMap":{"0":{"start":{"line":1,"column":0},"end":{"line":1,"column":45}},"1":{"start":{"line":2,"column":0},"end":{"line":2,"column":41}},"2":{"start":{"line":3,"column":0},"end":{"line":3,"column":0}},"3":{"start":{"line":4,"column":0},"end":{"line":4,"column":38}}},"s":{"0":1,"1":1,"2":1,"3":1},"branchMap":{},"b":{},"fnMap":{},"f":{}}
,"/home/andresmartins/q4/q4-sprint2-kenzie-courses-andresmartins910/src/services/mailer.service.ts": {"path":"/home/andresmartins/q4/q4-sprint2-kenzie-courses-andresmartins910/src/services/mailer.service.ts","all":false,"statementMap":{"0":{"start":{"line":1,"column":0},"end":{"line":1,"column":49}},"1":{"start":{"line":2,"column":0},"end":{"line":2,"column":48}},"2":{"start":{"line":3,"column":0},"end":{"line":3,"column":0}},"3":{"start":{"line":4,"column":0},"end":{"line":4,"column":21}},"4":{"start":{"line":5,"column":0},"end":{"line":5,"column":48}},"5":{"start":{"line":6,"column":0},"end":{"line":6,"column":46}},"6":{"start":{"line":7,"column":0},"end":{"line":7,"column":16}},"7":{"start":{"line":8,"column":0},"end":{"line":8,"column":64}},"8":{"start":{"line":9,"column":0},"end":{"line":9,"column":7}},"9":{"start":{"line":10,"column":0},"end":{"line":10,"column":7}},"10":{"start":{"line":11,"column":0},"end":{"line":11,"column":4}},"11":{"start":{"line":12,"column":0},"end":{"line":12,"column":1}},"12":{"start":{"line":13,"column":0},"end":{"line":13,"column":0}},"13":{"start":{"line":14,"column":0},"end":{"line":14,"column":35}}},"s":{"0":1,"1":1,"2":1,"3":9,"4":9,"5":1,"6":0,"7":0,"8":0,"9":1,"10":9,"11":9,"12":1,"13":1},"branchMap":{"0":{"type":"branch","line":4,"loc":{"start":{"line":4,"column":0},"end":{"line":12,"column":1}},"locations":[{"start":{"line":4,"column":0},"end":{"line":12,"column":1}}]},"1":{"type":"branch","line":4,"loc":{"start":{"line":4,"column":0},"end":{"line":12,"column":1}},"locations":[{"start":{"line":4,"column":0},"end":{"line":12,"column":1}}]},"2":{"type":"branch","line":5,"loc":{"start":{"line":5,"column":22},"end":{"line":11,"column":3}},"locations":[{"start":{"line":5,"column":22},"end":{"line":11,"column":3}}]}},"b":{"0":[9],"1":[9],"2":[1]},"fnMap":{"0":{"name":"MailerService","decl":{"start":{"line":4,"column":0},"end":{"line":12,"column":1}},"loc":{"start":{"line":4,"column":0},"end":{"line":12,"column":1}},"line":4},"1":{"name":"MailerService.confirmationEmail","decl":{"start":{"line":5,"column":22},"end":{"line":11,"column":3}},"loc":{"start":{"line":5,"column":22},"end":{"line":11,"column":3}},"line":5}},"f":{"0":9,"1":1}}
,"/home/andresmartins/q4/q4-sprint2-kenzie-courses-andresmartins910/src/services/user.service.ts": {"path":"/home/andresmartins/q4/q4-sprint2-kenzie-courses-andresmartins910/src/services/user.service.ts","all":false,"statementMap":{"0":{"start":{"line":1,"column":0},"end":{"line":1,"column":47}},"1":{"start":{"line":2,"column":0},"end":{"line":2,"column":49}},"2":{"start":{"line":3,"column":0},"end":{"line":3,"column":34}},"3":{"start":{"line":4,"column":0},"end":{"line":4,"column":31}},"4":{"start":{"line":5,"column":0},"end":{"line":5,"column":33}},"5":{"start":{"line":6,"column":0},"end":{"line":6,"column":48}},"6":{"start":{"line":7,"column":0},"end":{"line":7,"column":8}},"7":{"start":{"line":8,"column":0},"end":{"line":8,"column":29}},"8":{"start":{"line":9,"column":0},"end":{"line":9,"column":29}},"9":{"start":{"line":10,"column":0},"end":{"line":10,"column":20}},"10":{"start":{"line":11,"column":0},"end":{"line":11,"column":46}},"11":{"start":{"line":12,"column":0},"end":{"line":12,"column":0}},"12":{"start":{"line":13,"column":0},"end":{"line":13,"column":16}},"13":{"start":{"line":14,"column":0},"end":{"line":14,"column":0}},"14":{"start":{"line":15,"column":0},"end":{"line":15,"column":18}},"15":{"start":{"line":16,"column":0},"end":{"line":16,"column":17}},"16":{"start":{"line":17,"column":0},"end":{"line":17,"column":18}},"17":{"start":{"line":18,"column":0},"end":{"line":18,"column":1}},"18":{"start":{"line":19,"column":0},"end":{"line":19,"column":0}},"19":{"start":{"line":20,"column":0},"end":{"line":20,"column":19}},"20":{"start":{"line":21,"column":0},"end":{"line":21,"column":62}},"21":{"start":{"line":22,"column":0},"end":{"line":22,"column":54}},"22":{"start":{"line":23,"column":0},"end":{"line":23,"column":39}},"23":{"start":{"line":24,"column":0},"end":{"line":24,"column":7}},"24":{"start":{"line":25,"column":0},"end":{"line":25,"column":0}},"25":{"start":{"line":26,"column":0},"end":{"line":26,"column":16}},"26":{"start":{"line":27,"column":0},"end":{"line":27,"column":14}},"27":{"start":{"line":28,"column":0},"end":{"line":28,"column":20}},"28":{"start":{"line":29,"column":0},"end":{"line":29,"column":52}},"29":{"start":{"line":30,"column":0},"end":{"line":30,"column":8}},"30":{"start":{"line":31,"column":0},"end":{"line":31,"column":5}},"31":{"start":{"line":32,"column":0},"end":{"line":32,"column":0}},"32":{"start":{"line":33,"column":0},"end":{"line":33,"column":65}},"33":{"start":{"line":34,"column":0},"end":{"line":34,"column":14}},"34":{"start":{"line":35,"column":0},"end":{"line":35,"column":20}},"35":{"start":{"line":36,"column":0},"end":{"line":36,"column":52}},"36":{"start":{"line":37,"column":0},"end":{"line":37,"column":8}},"37":{"start":{"line":38,"column":0},"end":{"line":38,"column":5}},"38":{"start":{"line":39,"column":0},"end":{"line":39,"column":0}},"39":{"start":{"line":40,"column":0},"end":{"line":40,"column":79}},"40":{"start":{"line":41,"column":0},"end":{"line":41,"column":40}},"41":{"start":{"line":42,"column":0},"end":{"line":42,"column":7}},"42":{"start":{"line":43,"column":0},"end":{"line":43,"column":0}},"43":{"start":{"line":44,"column":0},"end":{"line":44,"column":12}},"44":{"start":{"line":45,"column":0},"end":{"line":45,"column":18}},"45":{"start":{"line":46,"column":0},"end":{"line":46,"column":25}},"46":{"start":{"line":47,"column":0},"end":{"line":47,"column":6}},"47":{"start":{"line":48,"column":0},"end":{"line":48,"column":4}},"48":{"start":{"line":49,"column":0},"end":{"line":49,"column":0}},"49":{"start":{"line":50,"column":0},"end":{"line":50,"column":74}},"50":{"start":{"line":51,"column":0},"end":{"line":51,"column":62}},"51":{"start":{"line":52,"column":0},"end":{"line":52,"column":71}},"52":{"start":{"line":53,"column":0},"end":{"line":53,"column":67}},"53":{"start":{"line":54,"column":0},"end":{"line":54,"column":25}},"54":{"start":{"line":55,"column":0},"end":{"line":55,"column":7}},"55":{"start":{"line":56,"column":0},"end":{"line":56,"column":4}},"56":{"start":{"line":57,"column":0},"end":{"line":57,"column":0}},"57":{"start":{"line":58,"column":0},"end":{"line":58,"column":70}},"58":{"start":{"line":59,"column":0},"end":{"line":59,"column":70}},"59":{"start":{"line":60,"column":0},"end":{"line":60,"column":66}},"60":{"start":{"line":61,"column":0},"end":{"line":61,"column":25}},"61":{"start":{"line":62,"column":0},"end":{"line":62,"column":7}},"62":{"start":{"line":63,"column":0},"end":{"line":63,"column":4}},"63":{"start":{"line":64,"column":0},"end":{"line":64,"column":0}},"64":{"start":{"line":65,"column":0},"end":{"line":65,"column":52}},"65":{"start":{"line":66,"column":0},"end":{"line":66,"column":49}},"66":{"start":{"line":67,"column":0},"end":{"line":67,"column":61}},"67":{"start":{"line":68,"column":0},"end":{"line":68,"column":25}},"68":{"start":{"line":69,"column":0},"end":{"line":69,"column":7}},"69":{"start":{"line":70,"column":0},"end":{"line":70,"column":4}},"70":{"start":{"line":71,"column":0},"end":{"line":71,"column":0}},"71":{"start":{"line":72,"column":0},"end":{"line":72,"column":80}},"72":{"start":{"line":73,"column":0},"end":{"line":73,"column":69}},"73":{"start":{"line":74,"column":0},"end":{"line":74,"column":71}},"74":{"start":{"line":75,"column":0},"end":{"line":75,"column":67}},"75":{"start":{"line":76,"column":0},"end":{"line":76,"column":25}},"76":{"start":{"line":77,"column":0},"end":{"line":77,"column":7}},"77":{"start":{"line":78,"column":0},"end":{"line":78,"column":4}},"78":{"start":{"line":79,"column":0},"end":{"line":79,"column":1}},"79":{"start":{"line":80,"column":0},"end":{"line":80,"column":0}},"80":{"start":{"line":81,"column":0},"end":{"line":81,"column":33}}},"s":{"0":1,"1":1,"2":1,"3":1,"4":1,"5":1,"6":1,"7":1,"8":1,"9":1,"10":1,"11":1,"12":1,"13":1,"14":1,"15":1,"16":1,"17":1,"18":1,"19":9,"20":9,"21":9,"22":9,"23":9,"24":9,"25":9,"26":0,"27":0,"28":0,"29":0,"30":0,"31":9,"32":9,"33":1,"34":1,"35":1,"36":1,"37":1,"38":8,"39":8,"40":8,"41":8,"42":8,"43":8,"44":8,"45":8,"46":8,"47":9,"48":9,"49":9,"50":9,"51":9,"52":9,"53":9,"54":9,"55":9,"56":9,"57":9,"58":1,"59":1,"60":1,"61":1,"62":1,"63":9,"64":9,"65":1,"66":1,"67":1,"68":1,"69":1,"70":9,"71":9,"72":1,"73":1,"74":1,"75":1,"76":1,"77":1,"78":9,"79":1,"80":1},"branchMap":{"0":{"type":"branch","line":20,"loc":{"start":{"line":20,"column":0},"end":{"line":79,"column":1}},"locations":[{"start":{"line":20,"column":0},"end":{"line":79,"column":1}}]},"1":{"type":"branch","line":20,"loc":{"start":{"line":20,"column":0},"end":{"line":79,"column":1}},"locations":[{"start":{"line":20,"column":0},"end":{"line":79,"column":1}}]},"2":{"type":"branch","line":21,"loc":{"start":{"line":21,"column":10},"end":{"line":48,"column":4}},"locations":[{"start":{"line":21,"column":10},"end":{"line":48,"column":4}}]},"3":{"type":"branch","line":22,"loc":{"start":{"line":22,"column":23},"end":{"line":24,"column":7}},"locations":[{"start":{"line":22,"column":23},"end":{"line":24,"column":7}}]},"4":{"type":"branch","line":26,"loc":{"start":{"line":26,"column":15},"end":{"line":31,"column":5}},"locations":[{"start":{"line":26,"column":15},"end":{"line":31,"column":5}}]},"5":{"type":"branch","line":33,"loc":{"start":{"line":33,"column":64},"end":{"line":47,"column":6}},"locations":[{"start":{"line":33,"column":64},"end":{"line":47,"column":6}}]},"6":{"type":"branch","line":33,"loc":{"start":{"line":33,"column":64},"end":{"line":38,"column":5}},"locations":[{"start":{"line":33,"column":64},"end":{"line":38,"column":5}}]},"7":{"type":"branch","line":50,"loc":{"start":{"line":50,"column":11},"end":{"line":56,"column":4}},"locations":[{"start":{"line":50,"column":11},"end":{"line":56,"column":4}}]},"8":{"type":"branch","line":51,"loc":{"start":{"line":51,"column":17},"end":{"line":51,"column":62}},"locations":[{"start":{"line":51,"column":17},"end":{"line":51,"column":62}}]},"9":{"type":"branch","line":53,"loc":{"start":{"line":53,"column":4},"end":{"line":55,"column":7}},"locations":[{"start":{"line":53,"column":4},"end":{"line":55,"column":7}}]},"10":{"type":"branch","line":58,"loc":{"start":{"line":58,"column":12},"end":{"line":63,"column":4}},"locations":[{"start":{"line":58,"column":12},"end":{"line":63,"column":4}}]},"11":{"type":"branch","line":59,"loc":{"start":{"line":59,"column":23},"end":{"line":59,"column":70}},"locations":[{"start":{"line":59,"column":23},"end":{"line":59,"column":70}}]},"12":{"type":"branch","line":60,"loc":{"start":{"line":60,"column":4},"end":{"line":62,"column":7}},"locations":[{"start":{"line":60,"column":4},"end":{"line":62,"column":7}}]},"13":{"type":"branch","line":65,"loc":{"start":{"line":65,"column":11},"end":{"line":70,"column":4}},"locations":[{"start":{"line":65,"column":11},"end":{"line":70,"column":4}}]},"14":{"type":"branch","line":65,"loc":{"start":{"line":65,"column":11},"end":{"line":70,"column":4}},"locations":[{"start":{"line":65,"column":11},"end":{"line":70,"column":4}}]},"15":{"type":"branch","line":66,"loc":{"start":{"line":66,"column":18},"end":{"line":66,"column":49}},"locations":[{"start":{"line":66,"column":18},"end":{"line":66,"column":49}}]},"16":{"type":"branch","line":67,"loc":{"start":{"line":67,"column":4},"end":{"line":69,"column":7}},"locations":[{"start":{"line":67,"column":4},"end":{"line":69,"column":7}}]},"17":{"type":"branch","line":72,"loc":{"start":{"line":72,"column":11},"end":{"line":78,"column":4}},"locations":[{"start":{"line":72,"column":11},"end":{"line":78,"column":4}}]},"18":{"type":"branch","line":73,"loc":{"start":{"line":73,"column":4},"end":{"line":73,"column":69}},"locations":[{"start":{"line":73,"column":4},"end":{"line":73,"column":69}}]},"19":{"type":"branch","line":75,"loc":{"start":{"line":75,"column":4},"end":{"line":77,"column":7}},"locations":[{"start":{"line":75,"column":4},"end":{"line":77,"column":7}}]}},"b":{"0":[9],"1":[9],"2":[9],"3":[9],"4":[0],"5":[8],"6":[1],"7":[9],"8":[9],"9":[9],"10":[1],"11":[1],"12":[1],"13":[1],"14":[1],"15":[1],"16":[1],"17":[1],"18":[1],"19":[1]},"fnMap":{"0":{"name":"UserService","decl":{"start":{"line":20,"column":0},"end":{"line":79,"column":1}},"loc":{"start":{"line":20,"column":0},"end":{"line":79,"column":1}},"line":20},"1":{"name":"UserService.login","decl":{"start":{"line":21,"column":10},"end":{"line":48,"column":4}},"loc":{"start":{"line":21,"column":10},"end":{"line":48,"column":4}},"line":21},"2":{"name":"UserService.create","decl":{"start":{"line":50,"column":11},"end":{"line":56,"column":4}},"loc":{"start":{"line":50,"column":11},"end":{"line":56,"column":4}},"line":50},"3":{"name":"UserService.getById","decl":{"start":{"line":58,"column":12},"end":{"line":63,"column":4}},"loc":{"start":{"line":58,"column":12},"end":{"line":63,"column":4}},"line":58},"4":{"name":"UserService.getAll","decl":{"start":{"line":65,"column":11},"end":{"line":70,"column":4}},"loc":{"start":{"line":65,"column":11},"end":{"line":70,"column":4}},"line":65},"5":{"name":"UserService.update","decl":{"start":{"line":72,"column":11},"end":{"line":78,"column":4}},"loc":{"start":{"line":72,"column":11},"end":{"line":78,"column":4}},"line":72}},"f":{"0":9,"1":9,"2":9,"3":1,"4":1,"5":1}}
}
