TN:
SF:src/app.ts
FNF:0
FNH:0
DA:1,1
DA:2,1
DA:3,1
DA:4,1
DA:5,1
DA:6,1
DA:7,1
DA:8,1
DA:9,1
DA:10,1
DA:11,1
DA:12,1
DA:13,1
DA:14,1
DA:15,1
LF:15
LH:15
BRDA:11,0,0,1
BRF:1
BRH:1
end_of_record
TN:
SF:src/data-source.ts
FNF:0
FNH:0
DA:1,1
DA:2,1
DA:3,1
DA:4,1
DA:5,1
DA:6,1
DA:7,1
DA:8,1
DA:9,1
DA:10,1
DA:11,1
DA:12,1
DA:13,1
DA:14,1
DA:15,1
DA:16,1
DA:17,0
DA:18,0
DA:19,0
DA:20,0
DA:21,0
DA:22,1
LF:22
LH:17
BRDA:16,0,0,0
BRF:1
BRH:0
end_of_record
TN:
SF:src/configs/mailer.config.ts
FNF:0
FNH:0
DA:1,1
DA:2,1
DA:3,1
DA:4,1
DA:5,1
DA:6,1
DA:7,1
DA:8,1
DA:9,1
DA:10,1
DA:11,1
DA:12,1
LF:12
LH:12
BRF:0
BRH:0
end_of_record
TN:
SF:src/controllers/course.controller.ts
FN:4,CourseController
FN:5,CourseController.createCourse
FN:10,CourseController.readAll
FN:15,CourseController.updateCourse
FN:20,CourseController.registerCourseToUser
FNF:5
FNH:5
FNDA:9,CourseController
FNDA:3,CourseController.createCourse
FNDA:1,CourseController.readAll
FNDA:1,CourseController.updateCourse
FNDA:1,CourseController.registerCourseToUser
DA:1,1
DA:2,1
DA:3,1
DA:4,9
DA:5,9
DA:6,3
DA:7,3
DA:8,3
DA:9,9
DA:10,9
DA:11,1
DA:12,1
DA:13,1
DA:14,9
DA:15,9
DA:16,1
DA:17,1
DA:18,1
DA:19,9
DA:20,9
DA:21,1
DA:22,1
DA:23,1
DA:24,9
DA:25,1
DA:26,1
LF:26
LH:26
BRDA:4,0,0,9
BRDA:4,1,0,9
BRDA:5,2,0,3
BRDA:5,3,0,3
BRDA:6,4,0,3
BRDA:10,5,0,1
BRDA:10,6,0,1
BRDA:11,7,0,1
BRDA:15,8,0,1
BRDA:15,9,0,1
BRDA:16,10,0,1
BRDA:20,11,0,1
BRDA:20,12,0,1
BRDA:21,13,0,1
BRF:14
BRH:14
end_of_record
TN:
SF:src/controllers/index.ts
FNF:0
FNH:0
DA:1,1
DA:2,1
DA:3,1
DA:4,1
LF:4
LH:4
BRF:0
BRH:0
end_of_record
TN:
SF:src/controllers/user.controller.ts
FN:4,UserController
FN:5,UserController.loginUser
FN:10,UserController.createUser
FN:15,UserController.getById
FN:20,UserController.getAll
FN:25,UserController.update
FNF:6
FNH:6
FNDA:9,UserController
FNDA:9,UserController.loginUser
FNDA:9,UserController.createUser
FNDA:1,UserController.getById
FNDA:1,UserController.getAll
FNDA:1,UserController.update
DA:1,1
DA:2,1
DA:3,1
DA:4,9
DA:5,9
DA:6,9
DA:7,9
DA:8,9
DA:9,9
DA:10,9
DA:11,9
DA:12,9
DA:13,9
DA:14,9
DA:15,9
DA:16,1
DA:17,1
DA:18,1
DA:19,9
DA:20,9
DA:21,1
DA:22,1
DA:23,1
DA:24,9
DA:25,9
DA:26,1
DA:27,1
DA:28,1
DA:29,9
DA:30,1
DA:31,1
LF:31
LH:31
BRDA:4,0,0,9
BRDA:4,1,0,9
BRDA:5,2,0,9
BRDA:5,3,0,9
BRDA:6,4,0,9
BRDA:10,5,0,9
BRDA:10,6,0,9
BRDA:11,7,0,9
BRDA:15,8,0,1
BRDA:15,9,0,1
BRDA:16,10,0,1
BRDA:20,11,0,1
BRDA:20,12,0,1
BRDA:21,13,0,1
BRDA:25,14,0,1
BRDA:25,15,0,1
BRDA:26,16,0,1
BRF:17
BRH:17
end_of_record
TN:
SF:src/entities/Course.entity.ts
FN:5,Course
FN:15,Object.<anonymous>.__decorate.lazy
FN:15,Object.<anonymous>.__decorate.lazy
FNF:3
FNH:3
FNDA:46,Course
FNDA:9,Object.<anonymous>.__decorate.lazy
FNDA:9,Object.<anonymous>.__decorate.lazy
DA:1,1
DA:2,1
DA:3,1
DA:4,1
DA:5,46
DA:6,46
DA:7,46
DA:8,46
DA:9,46
DA:10,46
DA:11,46
DA:12,46
DA:13,46
DA:14,46
DA:15,46
DA:16,46
DA:17,46
DA:18,46
LF:18
LH:18
BRDA:5,0,0,9
BRDA:5,1,0,46
BRDA:15,2,0,9
BRDA:15,3,0,9
BRF:4
BRH:4
end_of_record
TN:
SF:src/entities/User.entity.ts
FN:11,User
FN:39,User.comparePwd
FN:36,Object.<anonymous>.__decorate.eager
FN:36,Object.<anonymous>.__decorate.eager
FNF:4
FNH:4
FNDA:43,User
FNDA:9,User.comparePwd
FNDA:9,Object.<anonymous>.__decorate.eager
FNDA:9,Object.<anonymous>.__decorate.eager
DA:1,1
DA:2,1
DA:3,1
DA:4,1
DA:5,1
DA:6,1
DA:7,1
DA:8,1
DA:9,1
DA:10,1
DA:11,43
DA:12,43
DA:13,43
DA:14,43
DA:15,43
DA:16,43
DA:17,43
DA:18,43
DA:19,43
DA:20,43
DA:21,43
DA:22,43
DA:23,43
DA:24,43
DA:25,43
DA:26,43
DA:27,43
DA:28,43
DA:29,43
DA:30,43
DA:31,43
DA:32,43
DA:33,43
DA:34,43
DA:35,43
DA:36,43
DA:37,43
DA:38,43
DA:39,43
DA:40,9
DA:41,9
DA:42,43
LF:42
LH:42
BRDA:11,0,0,9
BRDA:11,1,0,43
BRDA:39,2,0,9
BRDA:39,3,0,9
BRDA:40,4,0,9
BRDA:40,5,0,9
BRDA:36,6,0,9
BRDA:36,7,0,9
BRF:8
BRH:8
end_of_record
TN:
SF:src/entities/index.ts
FN:4,get
FN:4,get
FNF:2
FNH:2
FNDA:18,get
FNDA:18,get
DA:1,1
DA:2,1
DA:3,1
DA:4,1
LF:4
LH:4
BRDA:4,0,0,18
BRDA:4,1,0,18
BRF:2
BRH:2
end_of_record
TN:
SF:src/errors/errors.ts
FN:9,ErrorHandler
FN:15,errorHandler
FNF:2
FNH:2
FNDA:1,ErrorHandler
FNDA:1,errorHandler
DA:1,1
DA:2,1
DA:3,1
DA:4,1
DA:5,9
DA:6,9
DA:7,9
DA:8,9
DA:9,9
DA:10,1
DA:11,1
DA:12,1
DA:13,9
DA:14,1
DA:15,1
DA:16,1
DA:17,1
DA:18,1
DA:19,0
DA:20,0
DA:21,0
DA:22,0
DA:23,0
DA:24,1
DA:25,1
LF:25
LH:20
BRDA:5,0,0,9
BRDA:9,1,0,1
BRDA:15,2,0,1
BRDA:19,3,0,0
BRF:4
BRH:3
end_of_record
TN:
SF:src/middlewares/getUserByIdOr404.middleware.ts
FN:5,getUserByIdOr404
FNF:1
FNH:1
FNDA:2,getUserByIdOr404
DA:1,1
DA:2,1
DA:3,1
DA:4,1
DA:5,1
DA:6,2
DA:7,2
DA:8,2
DA:9,2
DA:10,2
DA:11,2
DA:12,2
DA:13,2
DA:14,2
DA:15,0
DA:16,0
DA:17,2
DA:18,2
DA:19,2
DA:20,2
DA:21,2
DA:22,1
DA:23,1
LF:23
LH:21
BRDA:5,0,0,2
BRDA:9,1,0,2
BRDA:14,2,0,0
BRF:3
BRH:2
end_of_record
TN:
SF:src/middlewares/index.ts
FNF:0
FNH:0
DA:1,1
DA:2,1
DA:3,1
DA:4,1
DA:5,1
DA:6,1
DA:7,1
DA:8,1
DA:9,1
DA:10,1
DA:11,1
DA:12,1
DA:13,1
DA:14,1
DA:15,1
DA:16,1
LF:16
LH:16
BRF:0
BRH:0
end_of_record
TN:
SF:src/middlewares/validateSchema.middleware.ts
FN:6,validateSchema
FNF:1
FNH:1
FNDA:54,validateSchema
DA:1,1
DA:2,1
DA:3,1
DA:4,1
DA:5,1
DA:6,1
DA:7,54
DA:8,26
DA:9,26
DA:10,26
DA:11,26
DA:12,26
DA:13,26
DA:14,26
DA:15,26
DA:16,26
DA:17,26
DA:18,26
DA:19,26
DA:20,26
DA:21,1
DA:22,1
LF:22
LH:22
BRDA:6,0,0,54
BRDA:7,1,0,26
BRDA:7,2,0,26
BRF:3
BRH:3
end_of_record
TN:
SF:src/middlewares/validateToken.middleware.ts
FN:6,validateToken
FNF:1
FNH:1
FNDA:9,validateToken
DA:1,1
DA:2,1
DA:3,1
DA:4,1
DA:5,1
DA:6,1
DA:7,9
DA:8,9
DA:9,9
DA:10,0
DA:11,0
DA:12,9
DA:13,9
DA:14,9
DA:15,9
DA:16,9
DA:17,9
DA:18,0
DA:19,0
DA:20,9
DA:21,9
DA:22,9
DA:23,9
DA:24,9
DA:25,9
DA:26,9
DA:27,1
DA:28,1
LF:28
LH:24
BRDA:6,0,0,9
BRDA:6,1,0,9
BRDA:7,2,0,0
BRDA:9,3,0,0
BRDA:16,4,0,9
BRDA:17,5,0,0
BRF:6
BRH:3
end_of_record
TN:
SF:src/middlewares/verifyAdmin.middleware.ts
FN:5,verifyAdmin
FNF:1
FNH:1
FNDA:2,verifyAdmin
DA:1,1
DA:2,1
DA:3,1
DA:4,1
DA:5,1
DA:6,2
DA:7,2
DA:8,2
DA:9,2
DA:10,2
DA:11,2
DA:12,2
DA:13,2
DA:14,2
DA:15,0
DA:16,0
DA:17,0
DA:18,0
DA:19,0
DA:20,0
DA:21,2
DA:22,1
DA:23,1
LF:23
LH:17
BRDA:5,0,0,2
BRDA:5,1,0,2
BRDA:15,2,0,0
BRF:3
BRH:2
end_of_record
TN:
SF:src/middlewares/verifyPermission.middleware.ts
FN:5,verifyPermission
FNF:1
FNH:1
FNDA:6,verifyPermission
DA:1,1
DA:2,1
DA:3,1
DA:4,1
DA:5,1
DA:6,6
DA:7,6
DA:8,6
DA:9,6
DA:10,6
DA:11,0
DA:12,0
DA:13,6
DA:14,6
DA:15,6
DA:16,1
DA:17,1
LF:17
LH:15
BRDA:5,0,0,6
BRDA:5,1,0,6
BRDA:10,2,0,0
BRF:3
BRH:2
end_of_record
TN:
SF:src/middlewares/verifyUserExists.middleware.ts
FN:6,verifiUserExists
FNF:1
FNH:1
FNDA:10,verifiUserExists
DA:1,1
DA:2,1
DA:3,1
DA:4,1
DA:5,1
DA:6,1
DA:7,10
DA:8,10
DA:9,10
DA:10,10
DA:11,10
DA:12,10
DA:13,1
DA:14,1
DA:15,9
DA:16,9
DA:17,10
DA:18,1
DA:19,1
LF:19
LH:19
BRDA:6,0,0,10
BRDA:6,1,0,10
BRDA:8,2,0,10
BRDA:12,3,0,9
BRDA:12,4,0,1
BRF:5
BRH:5
end_of_record
TN:
SF:src/middlewares/verifyUserExistsUpdate.middleware.ts
FN:6,verifiUserExistsUpdate
FNF:1
FNH:1
FNDA:1,verifiUserExistsUpdate
DA:1,1
DA:2,1
DA:3,1
DA:4,1
DA:5,1
DA:6,1
DA:7,1
DA:8,1
DA:9,0
DA:10,0
DA:11,0
DA:12,1
DA:13,1
DA:14,1
DA:15,1
DA:16,1
DA:17,1
DA:18,1
DA:19,1
DA:20,1
DA:21,1
LF:21
LH:18
BRDA:6,0,0,1
BRDA:6,1,0,1
BRDA:8,2,0,0
BRDA:18,3,0,1
BRF:4
BRH:3
end_of_record
TN:
SF:src/repositories/course.repository.ts
FN:16,CourseRepository
FN:20,CourseRepository.save
FN:22,CourseRepository.listAll
FN:24,CourseRepository.retrieve
FN:26,CourseRepository.update
FN:28,CourseRepository.delete
FNF:6
FNH:5
FNDA:9,CourseRepository
FNDA:4,CourseRepository.save
FNDA:1,CourseRepository.listAll
FNDA:2,CourseRepository.retrieve
FNDA:1,CourseRepository.update
FNDA:0,CourseRepository.delete
DA:1,1
DA:2,1
DA:3,1
DA:4,1
DA:5,1
DA:6,1
DA:7,1
DA:8,1
DA:9,1
DA:10,1
DA:11,1
DA:12,1
DA:13,9
DA:14,9
DA:15,9
DA:16,9
DA:17,9
DA:18,9
DA:19,9
DA:20,9
DA:21,9
DA:22,9
DA:23,9
DA:24,9
DA:25,9
DA:26,9
DA:27,9
DA:28,9
DA:29,9
DA:30,1
DA:31,1
LF:31
LH:31
BRDA:13,0,0,9
BRDA:16,1,0,9
BRDA:20,2,0,4
BRDA:20,3,0,4
BRDA:20,4,0,8
BRDA:20,5,0,4
BRDA:20,6,0,4
BRDA:22,7,0,1
BRDA:22,8,0,1
BRDA:22,9,0,2
BRDA:22,10,0,1
BRDA:22,11,0,1
BRDA:24,12,0,2
BRDA:24,13,0,2
BRDA:24,14,0,4
BRDA:24,15,0,2
BRDA:24,16,0,2
BRDA:26,17,0,1
BRDA:26,18,0,1
BRDA:26,19,0,2
BRDA:26,20,0,1
BRDA:26,21,0,1
BRF:22
BRH:22
end_of_record
TN:
SF:src/repositories/index.ts
FNF:0
FNH:0
DA:1,1
DA:2,1
DA:3,1
DA:4,1
LF:4
LH:4
BRF:0
BRH:0
end_of_record
TN:
SF:src/repositories/user.repository.ts
FN:15,UserRepository
FN:19,UserRepository.save
FN:21,UserRepository.listAll
FN:23,UserRepository.retrieve
FN:25,UserRepository.update
FNF:5
FNH:5
FNDA:9,UserRepository
FNDA:9,UserRepository.save
FNDA:1,UserRepository.listAll
FNDA:42,UserRepository.retrieve
FNDA:1,UserRepository.update
DA:1,1
DA:2,1
DA:3,1
DA:4,1
DA:5,1
DA:6,1
DA:7,1
DA:8,1
DA:9,1
DA:10,1
DA:11,1
DA:12,9
DA:13,9
DA:14,9
DA:15,9
DA:16,9
DA:17,9
DA:18,9
DA:19,9
DA:20,9
DA:21,9
DA:22,9
DA:23,9
DA:24,9
DA:25,9
DA:26,9
DA:27,1
DA:28,1
LF:28
LH:28
BRDA:12,0,0,9
BRDA:15,1,0,9
BRDA:19,2,0,9
BRDA:19,3,0,9
BRDA:19,4,0,18
BRDA:19,5,0,9
BRDA:19,6,0,9
BRDA:21,7,0,1
BRDA:21,8,0,1
BRDA:21,9,0,2
BRDA:21,10,0,1
BRDA:21,11,0,1
BRDA:23,12,0,42
BRDA:23,13,0,42
BRDA:23,14,0,84
BRDA:23,15,0,42
BRDA:23,16,0,42
BRDA:25,17,0,1
BRDA:25,18,0,1
BRDA:25,19,0,2
BRDA:25,20,0,1
BRDA:25,21,0,1
BRF:22
BRH:22
end_of_record
TN:
SF:src/routes/course.route.ts
FNF:0
FNH:0
DA:1,1
DA:2,1
DA:3,1
DA:4,1
DA:5,1
DA:6,1
DA:7,1
DA:8,1
DA:9,1
DA:10,1
DA:11,1
DA:12,1
DA:13,1
DA:14,1
DA:15,1
DA:16,1
DA:17,1
DA:18,1
DA:19,1
DA:20,1
DA:21,1
DA:22,1
DA:23,1
DA:24,1
DA:25,1
DA:26,1
DA:27,1
DA:28,1
DA:29,1
DA:30,1
DA:31,1
DA:32,1
DA:33,1
DA:34,1
DA:35,1
DA:36,1
DA:37,1
DA:38,1
DA:39,1
LF:39
LH:39
BRF:0
BRH:0
end_of_record
TN:
SF:src/routes/index.ts
FN:5,registerRouters
FNF:1
FNH:1
FNDA:9,registerRouters
DA:1,1
DA:2,1
DA:3,1
DA:4,1
DA:5,1
DA:6,9
DA:7,9
DA:8,9
DA:9,9
DA:10,1
DA:11,1
LF:11
LH:11
BRDA:5,0,0,9
BRF:1
BRH:1
end_of_record
TN:
SF:src/routes/user.route.ts
FNF:0
FNH:0
DA:1,1
DA:2,1
DA:3,1
DA:4,1
DA:5,1
DA:6,1
DA:7,1
DA:8,1
DA:9,1
DA:10,1
DA:11,1
DA:12,1
DA:13,1
DA:14,1
DA:15,1
DA:16,1
DA:17,1
DA:18,1
DA:19,1
DA:20,1
DA:21,1
DA:22,1
DA:23,1
DA:24,1
DA:25,1
DA:26,1
DA:27,1
DA:28,1
DA:29,1
DA:30,1
DA:31,1
DA:32,1
DA:33,1
DA:34,1
DA:35,1
DA:36,1
DA:37,1
DA:38,1
DA:39,1
DA:40,1
DA:41,1
DA:42,1
DA:43,1
DA:44,1
DA:45,1
DA:46,1
DA:47,1
DA:48,1
DA:49,1
DA:50,1
DA:51,1
DA:52,1
DA:53,1
DA:54,1
LF:54
LH:54
BRF:0
BRH:0
end_of_record
TN:
SF:src/schemas/index.ts
FN:21,get
FN:22,get
FN:23,get
FN:24,get
FN:25,get
FN:26,get
FNF:6
FNH:6
FNDA:9,get
FNDA:9,get
FNDA:4,get
FNDA:9,get
FNDA:11,get
FNDA:9,get
DA:1,1
DA:2,1
DA:3,1
DA:4,1
DA:5,1
DA:6,1
DA:7,1
DA:8,1
DA:9,1
DA:10,1
DA:11,1
DA:12,1
DA:13,1
DA:14,1
DA:15,1
DA:16,1
DA:17,1
DA:18,1
DA:19,1
DA:20,1
DA:21,1
DA:22,1
DA:23,1
DA:24,1
DA:25,1
DA:26,1
DA:27,1
DA:28,1
DA:29,1
LF:29
LH:29
BRDA:21,0,0,9
BRDA:22,1,0,9
BRDA:23,2,0,4
BRDA:24,3,0,9
BRDA:25,4,0,11
BRDA:26,5,0,9
BRF:6
BRH:6
end_of_record
TN:
SF:src/schemas/courses/create.schema.ts
FNF:0
FNH:0
DA:1,1
DA:2,1
DA:3,1
DA:4,1
DA:5,1
DA:6,1
DA:7,1
DA:8,1
DA:9,1
DA:10,1
DA:11,1
DA:12,1
DA:13,1
DA:14,1
DA:15,1
DA:16,1
DA:17,1
DA:18,1
DA:19,1
LF:19
LH:19
BRF:0
BRH:0
end_of_record
TN:
SF:src/schemas/courses/getAll.Students.schema.ts
FNF:0
FNH:0
DA:1,1
DA:2,1
DA:3,1
DA:4,1
DA:5,1
DA:6,1
DA:7,1
DA:8,1
DA:9,1
DA:10,1
DA:11,1
DA:12,1
DA:13,1
DA:14,1
LF:14
LH:14
BRF:0
BRH:0
end_of_record
TN:
SF:src/schemas/courses/getAll.schema.ts
FNF:0
FNH:0
DA:1,1
DA:2,1
DA:3,1
DA:4,1
DA:5,1
DA:6,1
DA:7,1
DA:8,1
DA:9,1
DA:10,1
DA:11,1
DA:12,1
DA:13,1
DA:14,1
DA:15,1
DA:16,1
DA:17,1
DA:18,1
DA:19,1
DA:20,1
DA:21,1
DA:22,1
LF:22
LH:22
BRF:0
BRH:0
end_of_record
TN:
SF:src/schemas/courses/registerCourseToUser.schema.ts
FNF:0
FNH:0
DA:1,1
DA:2,1
DA:3,1
DA:4,1
DA:5,1
DA:6,1
DA:7,1
LF:7
LH:7
BRF:0
BRH:0
end_of_record
TN:
SF:src/schemas/user/create.schema.ts
FNF:0
FNH:0
DA:1,1
DA:2,1
DA:3,1
DA:4,1
DA:5,1
DA:6,1
DA:7,1
DA:8,1
DA:9,1
DA:10,1
DA:11,1
DA:12,1
DA:13,1
DA:14,1
DA:15,1
DA:16,1
DA:17,1
DA:18,1
DA:19,1
DA:20,1
DA:21,1
DA:22,1
DA:23,1
DA:24,1
DA:25,1
DA:26,1
DA:27,1
DA:28,1
DA:29,1
DA:30,1
DA:31,1
DA:32,1
DA:33,1
DA:34,1
DA:35,1
DA:36,1
DA:37,1
DA:38,1
DA:39,1
DA:40,1
DA:41,1
DA:42,1
DA:43,1
DA:44,1
DA:45,1
LF:45
LH:45
BRDA:10,0,0,10
BRF:1
BRH:1
end_of_record
TN:
SF:src/schemas/user/getAll.schema.ts
FNF:0
FNH:0
DA:1,1
DA:2,1
DA:3,1
DA:4,1
DA:5,1
DA:6,1
DA:7,1
DA:8,1
DA:9,1
DA:10,1
DA:11,1
DA:12,1
DA:13,1
DA:14,1
DA:15,1
DA:16,1
DA:17,1
DA:18,1
LF:18
LH:18
BRF:0
BRH:0
end_of_record
TN:
SF:src/schemas/user/login.schema.ts
FNF:0
FNH:0
DA:1,1
DA:2,1
DA:3,1
DA:4,1
DA:5,1
DA:6,1
DA:7,1
DA:8,1
LF:8
LH:8
BRF:0
BRH:0
end_of_record
TN:
SF:src/services/course.service.ts
FN:12,CourseService
FN:13,CourseService.createCourse
FN:20,CourseService.readAllCourses
FN:42,CourseService.updateCourse
FN:52,CourseService.registerCourseToUser
FNF:5
FNH:5
FNDA:9,CourseService
FNDA:3,CourseService.createCourse
FNDA:1,CourseService.readAllCourses
FNDA:1,CourseService.updateCourse
FNDA:1,CourseService.registerCourseToUser
DA:1,1
DA:2,1
DA:3,1
DA:4,1
DA:5,1
DA:6,1
DA:7,1
DA:8,1
DA:9,1
DA:10,1
DA:11,1
DA:12,9
DA:13,9
DA:14,3
DA:15,3
DA:16,3
DA:17,3
DA:18,3
DA:19,9
DA:20,9
DA:21,1
DA:22,1
DA:23,1
DA:24,1
DA:25,1
DA:26,0
DA:27,0
DA:28,0
DA:29,0
DA:30,0
DA:31,1
DA:32,1
DA:33,1
DA:34,1
DA:35,1
DA:36,1
DA:37,1
DA:38,0
DA:39,0
DA:40,1
DA:41,9
DA:42,9
DA:43,1
DA:44,1
DA:45,1
DA:46,1
DA:47,1
DA:48,1
DA:49,1
DA:50,1
DA:51,9
DA:52,9
DA:53,1
DA:54,1
DA:55,1
DA:56,1
DA:57,1
DA:58,1
DA:59,1
DA:60,1
DA:61,1
DA:62,1
DA:63,1
DA:64,1
DA:65,1
DA:66,1
DA:67,1
DA:68,1
DA:69,1
DA:70,1
DA:71,1
DA:72,1
DA:73,1
DA:74,1
DA:75,1
DA:76,1
DA:77,1
DA:78,9
DA:79,1
DA:80,1
LF:80
LH:73
BRDA:12,0,0,9
BRDA:12,1,0,9
BRDA:13,2,0,3
BRDA:14,3,0,3
BRDA:15,4,0,3
BRDA:20,5,0,1
BRDA:24,6,0,0
BRDA:25,7,0,0
BRDA:33,8,0,1
BRDA:33,9,0,1
BRDA:37,10,0,0
BRDA:37,11,0,0
BRDA:42,12,0,1
BRDA:43,13,0,1
BRDA:47,14,0,1
BRDA:52,15,0,1
BRF:16
BRH:12
end_of_record
TN:
SF:src/services/index.ts
FNF:0
FNH:0
DA:1,1
DA:2,1
DA:3,1
DA:4,1
LF:4
LH:4
BRF:0
BRH:0
end_of_record
TN:
SF:src/services/mailer.service.ts
FN:4,MailerService
FN:5,MailerService.confirmationEmail
FNF:2
FNH:2
FNDA:9,MailerService
FNDA:1,MailerService.confirmationEmail
DA:1,1
DA:2,1
DA:3,1
DA:4,9
DA:5,9
DA:6,1
DA:7,0
DA:8,0
DA:9,0
DA:10,1
DA:11,9
DA:12,9
DA:13,1
DA:14,1
LF:14
LH:11
BRDA:4,0,0,9
BRDA:4,1,0,9
BRDA:5,2,0,1
BRF:3
BRH:3
end_of_record
TN:
SF:src/services/user.service.ts
FN:20,UserService
FN:21,UserService.login
FN:50,UserService.create
FN:58,UserService.getById
FN:65,UserService.getAll
FN:72,UserService.update
FNF:6
FNH:6
FNDA:9,UserService
FNDA:9,UserService.login
FNDA:9,UserService.create
FNDA:1,UserService.getById
FNDA:1,UserService.getAll
FNDA:1,UserService.update
DA:1,1
DA:2,1
DA:3,1
DA:4,1
DA:5,1
DA:6,1
DA:7,1
DA:8,1
DA:9,1
DA:10,1
DA:11,1
DA:12,1
DA:13,1
DA:14,1
DA:15,1
DA:16,1
DA:17,1
DA:18,1
DA:19,1
DA:20,9
DA:21,9
DA:22,9
DA:23,9
DA:24,9
DA:25,9
DA:26,9
DA:27,0
DA:28,0
DA:29,0
DA:30,0
DA:31,0
DA:32,9
DA:33,9
DA:34,1
DA:35,1
DA:36,1
DA:37,1
DA:38,1
DA:39,8
DA:40,8
DA:41,8
DA:42,8
DA:43,8
DA:44,8
DA:45,8
DA:46,8
DA:47,8
DA:48,9
DA:49,9
DA:50,9
DA:51,9
DA:52,9
DA:53,9
DA:54,9
DA:55,9
DA:56,9
DA:57,9
DA:58,9
DA:59,1
DA:60,1
DA:61,1
DA:62,1
DA:63,1
DA:64,9
DA:65,9
DA:66,1
DA:67,1
DA:68,1
DA:69,1
DA:70,1
DA:71,9
DA:72,9
DA:73,1
DA:74,1
DA:75,1
DA:76,1
DA:77,1
DA:78,1
DA:79,9
DA:80,1
DA:81,1
LF:81
LH:76
BRDA:20,0,0,9
BRDA:20,1,0,9
BRDA:21,2,0,9
BRDA:22,3,0,9
BRDA:26,4,0,0
BRDA:33,5,0,8
BRDA:33,6,0,1
BRDA:50,7,0,9
BRDA:51,8,0,9
BRDA:53,9,0,9
BRDA:58,10,0,1
BRDA:59,11,0,1
BRDA:60,12,0,1
BRDA:65,13,0,1
BRDA:65,14,0,1
BRDA:66,15,0,1
BRDA:67,16,0,1
BRDA:72,17,0,1
BRDA:73,18,0,1
BRDA:75,19,0,1
BRF:20
BRH:19
end_of_record
